<?xml version="1.0" encoding="UTF-8"?>
<coverage generated="1776196184640" clover="3.2.0">
  <project timestamp="1776196184640" name="All files">
    <metrics statements="503" coveredstatements="413" conditionals="322" coveredconditionals="205" methods="115" coveredmethods="94" elements="940" coveredelements="712" complexity="0" loc="503" ncloc="503" packages="6" files="14" classes="14"/>
    <package name="Projet Studeo ">
      <metrics statements="5" coveredstatements="5" conditionals="0" coveredconditionals="0" methods="0" coveredmethods="0"/>
      <file name="constants.ts" path="/Users/daniel/Desktop/Projet Studeo /constants.ts">
        <metrics statements="5" coveredstatements="5" conditionals="0" coveredconditionals="0" methods="0" coveredmethods="0"/>
        <line num="6" count="3" type="stmt"/>
        <line num="7" count="3" type="stmt"/>
        <line num="9" count="3" type="stmt"/>
        <line num="22" count="3" type="stmt"/>
        <line num="83" count="3" type="stmt"/>
      </file>
    </package>
    <package name="Projet Studeo .constants">
      <metrics statements="30" coveredstatements="30" conditionals="0" coveredconditionals="0" methods="0" coveredmethods="0"/>
      <file name="practicalTutorPrompts.ts" path="/Users/daniel/Desktop/Projet Studeo /constants/practicalTutorPrompts.ts">
        <metrics statements="3" coveredstatements="3" conditionals="0" coveredconditionals="0" methods="0" coveredmethods="0"/>
        <line num="2" count="3" type="stmt"/>
        <line num="27" count="3" type="stmt"/>
        <line num="52" count="3" type="stmt"/>
      </file>
      <file name="tutorPrompts.ts" path="/Users/daniel/Desktop/Projet Studeo /constants/tutorPrompts.ts">
        <metrics statements="27" coveredstatements="27" conditionals="0" coveredconditionals="0" methods="0" coveredmethods="0"/>
        <line num="4" count="3" type="stmt"/>
        <line num="24" count="3" type="stmt"/>
        <line num="44" count="3" type="stmt"/>
        <line num="64" count="3" type="stmt"/>
        <line num="84" count="3" type="stmt"/>
        <line num="104" count="3" type="stmt"/>
        <line num="124" count="3" type="stmt"/>
        <line num="144" count="3" type="stmt"/>
        <line num="166" count="3" type="stmt"/>
        <line num="197" count="3" type="stmt"/>
        <line num="228" count="3" type="stmt"/>
        <line num="259" count="3" type="stmt"/>
        <line num="287" count="3" type="stmt"/>
        <line num="315" count="3" type="stmt"/>
        <line num="343" count="3" type="stmt"/>
        <line num="371" count="3" type="stmt"/>
        <line num="396" count="3" type="stmt"/>
        <line num="421" count="3" type="stmt"/>
        <line num="446" count="3" type="stmt"/>
        <line num="471" count="3" type="stmt"/>
        <line num="508" count="3" type="stmt"/>
        <line num="540" count="3" type="stmt"/>
        <line num="565" count="3" type="stmt"/>
        <line num="590" count="3" type="stmt"/>
        <line num="627" count="3" type="stmt"/>
        <line num="652" count="3" type="stmt"/>
        <line num="677" count="3" type="stmt"/>
      </file>
    </package>
    <package name="Projet Studeo .hooks">
      <metrics statements="193" coveredstatements="164" conditionals="126" coveredconditionals="83" methods="48" coveredmethods="42"/>
      <file name="useFlashcards.ts" path="/Users/daniel/Desktop/Projet Studeo /hooks/useFlashcards.ts">
        <metrics statements="95" coveredstatements="84" conditionals="65" coveredconditionals="43" methods="26" coveredmethods="24"/>
        <line num="12" count="2" type="stmt"/>
        <line num="13" count="28" type="stmt"/>
        <line num="14" count="28" type="stmt"/>
        <line num="15" count="28" type="stmt"/>
        <line num="17" count="28" type="cond" truecount="1" falsecount="1"/>
        <line num="19" count="28" type="stmt"/>
        <line num="20" count="2" type="stmt"/>
        <line num="21" count="2" type="stmt"/>
        <line num="22" count="1" type="stmt"/>
        <line num="23" count="1" type="stmt"/>
        <line num="25" count="1" type="cond" truecount="1" falsecount="1"/>
        <line num="26" count="2" type="stmt"/>
        <line num="27" count="2" type="stmt"/>
        <line num="28" count="2" type="stmt"/>
        <line num="30" count="1" type="stmt"/>
        <line num="31" count="1" type="cond" truecount="1" falsecount="1"/>
        <line num="35" count="28" type="stmt"/>
        <line num="36" count="5" type="stmt"/>
        <line num="37" count="5" type="stmt"/>
        <line num="38" count="5" type="cond" truecount="2" falsecount="0"/>
        <line num="40" count="3" type="stmt"/>
        <line num="41" count="6" type="stmt"/>
        <line num="43" count="6" type="cond" truecount="2" falsecount="0"/>
        <line num="44" count="1" type="cond" truecount="5" falsecount="3"/>
        <line num="45" count="0" type="stmt"/>
        <line num="47" count="1" type="stmt"/>
        <line num="53" count="5" type="cond" truecount="2" falsecount="0"/>
        <line num="54" count="1" type="cond" truecount="5" falsecount="3"/>
        <line num="55" count="0" type="stmt"/>
        <line num="57" count="1" type="stmt"/>
        <line num="63" count="4" type="cond" truecount="2" falsecount="0"/>
        <line num="64" count="2" type="cond" truecount="2" falsecount="0"/>
        <line num="65" count="1" type="stmt"/>
        <line num="67" count="1" type="stmt"/>
        <line num="76" count="2" type="cond" truecount="4" falsecount="1"/>
        <line num="77" count="2" type="stmt"/>
        <line num="78" count="2" type="stmt"/>
        <line num="79" count="5" type="cond" truecount="3" falsecount="1"/>
        <line num="80" count="5" type="stmt"/>
        <line num="83" count="2" type="cond" truecount="1" falsecount="1"/>
        <line num="84" count="2" type="stmt"/>
        <line num="88" count="0" type="cond" truecount="0" falsecount="2"/>
        <line num="90" count="0" type="stmt"/>
        <line num="94" count="3" type="stmt"/>
        <line num="95" count="3" type="stmt"/>
        <line num="97" count="3" type="stmt"/>
        <line num="98" count="3" type="cond" truecount="1" falsecount="1"/>
        <line num="99" count="3" type="stmt"/>
        <line num="103" count="28" type="stmt"/>
        <line num="104" count="0" type="stmt"/>
        <line num="110" count="0" type="stmt"/>
        <line num="113" count="0" type="stmt"/>
        <line num="114" count="0" type="stmt"/>
        <line num="119" count="28" type="stmt"/>
        <line num="120" count="1" type="stmt"/>
        <line num="121" count="1" type="cond" truecount="2" falsecount="0"/>
        <line num="125" count="1" type="cond" truecount="1" falsecount="1"/>
        <line num="126" count="1" type="stmt"/>
        <line num="133" count="28" type="stmt"/>
        <line num="134" count="2" type="stmt"/>
        <line num="140" count="28" type="stmt"/>
        <line num="141" count="3" type="stmt"/>
        <line num="145" count="3" type="stmt"/>
        <line num="149" count="3" type="stmt"/>
        <line num="152" count="28" type="stmt"/>
        <line num="153" count="1" type="stmt"/>
        <line num="154" count="1" type="stmt"/>
        <line num="155" count="1" type="stmt"/>
        <line num="158" count="1" type="cond" truecount="1" falsecount="1"/>
        <line num="159" count="0" type="stmt"/>
        <line num="161" count="1" type="stmt"/>
        <line num="164" count="1" type="cond" truecount="1" falsecount="1"/>
        <line num="165" count="1" type="stmt"/>
        <line num="169" count="28" type="stmt"/>
        <line num="170" count="1" type="cond" truecount="3" falsecount="1"/>
        <line num="172" count="1" type="stmt"/>
        <line num="173" count="1" type="cond" truecount="1" falsecount="1"/>
        <line num="174" count="0" type="stmt"/>
        <line num="175" count="0" type="stmt"/>
        <line num="178" count="1" type="stmt"/>
        <line num="179" count="1" type="cond" truecount="1" falsecount="1"/>
        <line num="181" count="1" type="stmt"/>
        <line num="182" count="1" type="stmt"/>
        <line num="183" count="1" type="stmt"/>
        <line num="184" count="1" type="stmt"/>
        <line num="187" count="1" type="cond" truecount="1" falsecount="1"/>
        <line num="188" count="1" type="stmt"/>
        <line num="192" count="28" type="stmt"/>
        <line num="207" count="1" type="stmt"/>
        <line num="213" count="1" type="stmt"/>
        <line num="214" count="1" type="stmt"/>
        <line num="215" count="1" type="stmt"/>
        <line num="216" count="3" type="stmt"/>
        <line num="221" count="1" type="stmt"/>
        <line num="223" count="1" type="stmt"/>
      </file>
      <file name="useGamification.ts" path="/Users/daniel/Desktop/Projet Studeo /hooks/useGamification.ts">
        <metrics statements="61" coveredstatements="46" conditionals="45" coveredconditionals="28" methods="11" coveredmethods="7"/>
        <line num="4" count="1" type="stmt"/>
        <line num="5" count="53" type="stmt"/>
        <line num="8" count="53" type="stmt"/>
        <line num="9" count="17" type="stmt"/>
        <line num="10" count="17" type="cond" truecount="1" falsecount="1"/>
        <line num="11" count="0" type="stmt"/>
        <line num="12" count="0" type="stmt"/>
        <line num="13" count="0" type="stmt"/>
        <line num="14" count="0" type="stmt"/>
        <line num="15" count="0" type="stmt"/>
        <line num="16" count="0" type="cond" truecount="0" falsecount="4"/>
        <line num="17" count="0" type="stmt"/>
        <line num="18" count="0" type="stmt"/>
        <line num="20" count="0" type="stmt"/>
        <line num="22" count="0" type="cond" truecount="0" falsecount="2"/>
        <line num="30" count="53" type="stmt"/>
        <line num="36" count="35" type="stmt"/>
        <line num="37" count="35" type="stmt"/>
        <line num="38" count="35" type="stmt"/>
        <line num="39" count="35" type="stmt"/>
        <line num="42" count="35" type="cond" truecount="2" falsecount="0"/>
        <line num="45" count="12" type="stmt"/>
        <line num="46" count="12" type="stmt"/>
        <line num="47" count="12" type="stmt"/>
        <line num="49" count="12" type="cond" truecount="2" falsecount="0"/>
        <line num="51" count="7" type="stmt"/>
        <line num="54" count="5" type="stmt"/>
        <line num="56" count="12" type="stmt"/>
        <line num="60" count="35" type="cond" truecount="2" falsecount="0"/>
        <line num="61" count="7" type="stmt"/>
        <line num="65" count="35" type="stmt"/>
        <line num="66" count="35" type="stmt"/>
        <line num="68" count="35" type="cond" truecount="4" falsecount="0"/>
        <line num="69" count="27" type="stmt"/>
        <line num="73" count="35" type="stmt"/>
        <line num="74" count="35" type="cond" truecount="4" falsecount="0"/>
        <line num="75" count="3" type="cond" truecount="2" falsecount="0"/>
        <line num="76" count="1" type="stmt"/>
        <line num="84" count="3" type="stmt"/>
        <line num="85" count="3" type="stmt"/>
        <line num="88" count="3" type="stmt"/>
        <line num="91" count="3" type="cond" truecount="1" falsecount="1"/>
        <line num="92" count="3" type="stmt"/>
        <line num="96" count="3" type="cond" truecount="2" falsecount="2"/>
        <line num="97" count="3" type="cond" truecount="1" falsecount="1"/>
        <line num="98" count="0" type="stmt"/>
        <line num="99" count="3" type="stmt"/>
        <line num="103" count="35" type="stmt"/>
        <line num="106" count="35" type="cond" truecount="3" falsecount="2"/>
        <line num="107" count="0" type="stmt"/>
        <line num="108" count="0" type="cond" truecount="0" falsecount="4"/>
        <line num="109" count="0" type="stmt"/>
        <line num="110" count="0" type="stmt"/>
        <line num="114" count="35" type="cond" truecount="2" falsecount="0"/>
        <line num="116" count="3" type="stmt"/>
        <line num="117" count="39" type="stmt"/>
        <line num="118" count="39" type="cond" truecount="2" falsecount="0"/>
        <line num="120" count="3" type="stmt"/>
        <line num="123" count="35" type="stmt"/>
        <line num="127" count="53" type="stmt"/>
        <line num="129" count="53" type="stmt"/>
      </file>
      <file name="useLocalStorage.ts" path="/Users/daniel/Desktop/Projet Studeo /hooks/useLocalStorage.ts">
        <metrics statements="23" coveredstatements="20" conditionals="12" coveredconditionals="8" methods="3" coveredmethods="3"/>
        <line num="11" count="9" type="stmt"/>
        <line num="12" count="7" type="stmt"/>
        <line num="13" count="7" type="stmt"/>
        <line num="15" count="7" type="cond" truecount="2" falsecount="0"/>
        <line num="16" count="4" type="stmt"/>
        <line num="19" count="3" type="stmt"/>
        <line num="22" count="3" type="cond" truecount="4" falsecount="0"/>
        <line num="23" count="1" type="stmt"/>
        <line num="26" count="1" type="stmt"/>
        <line num="29" count="1" type="stmt"/>
        <line num="31" count="1" type="stmt"/>
        <line num="32" count="1" type="stmt"/>
        <line num="36" count="9" type="stmt"/>
        <line num="37" count="9" type="stmt"/>
        <line num="39" count="9" type="stmt"/>
        <line num="42" count="9" type="cond" truecount="2" falsecount="0"/>
        <line num="43" count="1" type="stmt"/>
        <line num="44" count="1" type="stmt"/>
        <line num="47" count="8" type="stmt"/>
        <line num="49" count="0" type="cond" truecount="0" falsecount="4"/>
        <line num="50" count="0" type="stmt"/>
        <line num="53" count="0" type="stmt"/>
        <line num="58" count="9" type="stmt"/>
      </file>
      <file name="useSRS.ts" path="/Users/daniel/Desktop/Projet Studeo /hooks/useSRS.ts">
        <metrics statements="14" coveredstatements="14" conditionals="4" coveredconditionals="4" methods="8" coveredmethods="8"/>
        <line num="5" count="1" type="stmt"/>
        <line num="10" count="15" type="stmt"/>
        <line num="11" count="13" type="stmt"/>
        <line num="13" count="13" type="stmt"/>
        <line num="22" count="15" type="stmt"/>
        <line num="23" count="18" type="stmt"/>
        <line num="29" count="15" type="stmt"/>
        <line num="30" count="3" type="stmt"/>
        <line num="31" count="3" type="stmt"/>
        <line num="32" count="10" type="stmt"/>
        <line num="33" count="10" type="cond" truecount="2" falsecount="0"/>
        <line num="34" count="10" type="cond" truecount="2" falsecount="0"/>
        <line num="36" count="3" type="stmt"/>
        <line num="45" count="15" type="stmt"/>
      </file>
    </package>
    <package name="Projet Studeo .services">
      <metrics statements="161" coveredstatements="108" conditionals="130" coveredconditionals="67" methods="28" coveredmethods="19"/>
      <file name="fileParser.ts" path="/Users/daniel/Desktop/Projet Studeo /services/fileParser.ts">
        <metrics statements="161" coveredstatements="108" conditionals="130" coveredconditionals="67" methods="28" coveredmethods="19"/>
        <line num="6" count="1" type="stmt"/>
        <line num="7" count="1" type="stmt"/>
        <line num="8" count="1" type="stmt"/>
        <line num="10" count="1" type="stmt"/>
        <line num="11" count="40" type="cond" truecount="1" falsecount="1"/>
        <line num="13" count="40" type="stmt"/>
        <line num="14" count="40" type="stmt"/>
        <line num="17" count="1" type="stmt"/>
        <line num="19" count="5" type="stmt"/>
        <line num="20" count="5" type="stmt"/>
        <line num="22" count="0" type="stmt"/>
        <line num="25" count="5" type="cond" truecount="2" falsecount="0"/>
        <line num="26" count="1" type="stmt"/>
        <line num="29" count="4" type="cond" truecount="1" falsecount="1"/>
        <line num="30" count="0" type="stmt"/>
        <line num="33" count="4" type="stmt"/>
        <line num="34" count="4" type="cond" truecount="3" falsecount="1"/>
        <line num="35" count="0" type="stmt"/>
        <line num="36" count="0" type="stmt"/>
        <line num="41" count="4" type="stmt"/>
        <line num="42" count="4" type="cond" truecount="5" falsecount="1"/>
        <line num="43" count="0" type="stmt"/>
        <line num="44" count="0" type="stmt"/>
        <line num="47" count="4" type="stmt"/>
        <line num="48" count="4" type="cond" truecount="1" falsecount="1"/>
        <line num="51" count="4" type="cond" truecount="3" falsecount="1"/>
        <line num="52" count="0" type="cond" truecount="0" falsecount="4"/>
        <line num="53" count="0" type="stmt"/>
        <line num="62" count="0" type="stmt"/>
        <line num="66" count="4" type="cond" truecount="1" falsecount="1"/>
        <line num="67" count="0" type="cond" truecount="0" falsecount="2"/>
        <line num="71" count="0" type="stmt"/>
        <line num="73" count="0" type="stmt"/>
        <line num="74" count="0" type="stmt"/>
        <line num="80" count="0" type="stmt"/>
        <line num="84" count="0" type="stmt"/>
        <line num="88" count="4" type="cond" truecount="2" falsecount="0"/>
        <line num="89" count="1" type="stmt"/>
        <line num="90" count="1" type="cond" truecount="1" falsecount="1"/>
        <line num="95" count="1" type="stmt"/>
        <line num="96" count="1" type="stmt"/>
        <line num="97" count="1" type="stmt"/>
        <line num="100" count="1" type="stmt"/>
        <line num="101" count="1" type="stmt"/>
        <line num="102" count="1" type="stmt"/>
        <line num="106" count="1" type="cond" truecount="3" falsecount="1"/>
        <line num="108" count="1" type="stmt"/>
        <line num="116" count="0" type="stmt"/>
        <line num="117" count="0" type="stmt"/>
        <line num="118" count="0" type="stmt"/>
        <line num="120" count="0" type="stmt"/>
        <line num="121" count="0" type="stmt"/>
        <line num="126" count="0" type="stmt"/>
        <line num="130" count="3" type="cond" truecount="1" falsecount="1"/>
        <line num="131" count="3" type="cond" truecount="4" falsecount="1"/>
        <line num="132" count="3" type="stmt"/>
        <line num="133" count="3" type="stmt"/>
        <line num="134" count="6" type="stmt"/>
        <line num="135" count="6" type="stmt"/>
        <line num="136" count="6" type="cond" truecount="3" falsecount="1"/>
        <line num="139" count="3" type="cond" truecount="1" falsecount="1"/>
        <line num="140" count="3" type="stmt"/>
        <line num="143" count="0" type="stmt"/>
        <line num="147" count="0" type="cond" truecount="0" falsecount="2"/>
        <line num="148" count="0" type="stmt"/>
        <line num="150" count="0" type="cond" truecount="0" falsecount="5"/>
        <line num="151" count="0" type="stmt"/>
        <line num="152" count="0" type="cond" truecount="0" falsecount="6"/>
        <line num="154" count="0" type="cond" truecount="0" falsecount="2"/>
        <line num="155" count="0" type="stmt"/>
        <line num="159" count="0" type="cond" truecount="0" falsecount="2"/>
        <line num="160" count="0" type="stmt"/>
        <line num="161" count="0" type="stmt"/>
        <line num="162" count="0" type="stmt"/>
        <line num="163" count="0" type="stmt"/>
        <line num="164" count="0" type="cond" truecount="0" falsecount="4"/>
        <line num="166" count="0" type="cond" truecount="0" falsecount="2"/>
        <line num="167" count="0" type="stmt"/>
        <line num="172" count="0" type="stmt"/>
        <line num="174" count="4" type="stmt"/>
        <line num="177" count="1" type="stmt"/>
        <line num="178" count="4" type="stmt"/>
        <line num="179" count="4" type="cond" truecount="1" falsecount="1"/>
        <line num="180" count="0" type="stmt"/>
        <line num="183" count="4" type="cond" truecount="2" falsecount="0"/>
        <line num="184" count="1" type="stmt"/>
        <line num="187" count="6" type="stmt"/>
        <line num="188" count="3" type="stmt"/>
        <line num="190" count="3" type="stmt"/>
        <line num="191" count="10" type="stmt"/>
        <line num="192" count="5" type="cond" truecount="1" falsecount="1"/>
        <line num="193" count="5" type="stmt"/>
        <line num="194" count="5" type="stmt"/>
        <line num="195" count="10" type="cond" truecount="1" falsecount="1"/>
        <line num="197" count="5" type="cond" truecount="1" falsecount="1"/>
        <line num="198" count="5" type="stmt"/>
        <line num="201" count="5" type="stmt"/>
        <line num="204" count="1" type="stmt"/>
        <line num="205" count="3" type="stmt"/>
        <line num="207" count="3" type="cond" truecount="1" falsecount="1"/>
        <line num="208" count="0" type="stmt"/>
        <line num="211" count="3" type="stmt"/>
        <line num="212" count="3" type="cond" truecount="2" falsecount="0"/>
        <line num="214" count="4" type="stmt"/>
        <line num="215" count="2" type="stmt"/>
        <line num="217" count="2" type="stmt"/>
        <line num="218" count="2" type="stmt"/>
        <line num="219" count="2" type="cond" truecount="1" falsecount="1"/>
        <line num="220" count="4" type="stmt"/>
        <line num="221" count="2" type="cond" truecount="1" falsecount="1"/>
        <line num="223" count="2" type="stmt"/>
        <line num="224" count="2" type="stmt"/>
        <line num="225" count="4" type="cond" truecount="1" falsecount="1"/>
        <line num="227" count="2" type="cond" truecount="1" falsecount="1"/>
        <line num="228" count="2" type="stmt"/>
        <line num="231" count="2" type="stmt"/>
        <line num="234" count="1" type="stmt"/>
        <line num="235" count="14" type="stmt"/>
        <line num="237" count="14" type="stmt"/>
        <line num="238" count="14" type="cond" truecount="2" falsecount="0"/>
        <line num="239" count="1" type="stmt"/>
        <line num="240" count="1" type="stmt"/>
        <line num="244" count="13" type="cond" truecount="2" falsecount="0"/>
        <line num="245" count="1" type="stmt"/>
        <line num="246" count="1" type="stmt"/>
        <line num="250" count="12" type="stmt"/>
        <line num="256" count="12" type="cond" truecount="3" falsecount="2"/>
        <line num="258" count="0" type="stmt"/>
        <line num="261" count="12" type="stmt"/>
        <line num="262" count="12" type="stmt"/>
        <line num="265" count="12" type="stmt"/>
        <line num="266" count="0" type="stmt"/>
        <line num="267" count="0" type="stmt"/>
        <line num="270" count="12" type="stmt"/>
        <line num="271" count="12" type="stmt"/>
        <line num="272" count="12" type="stmt"/>
        <line num="273" count="12" type="cond" truecount="1" falsecount="1"/>
        <line num="276" count="12" type="cond" truecount="1" falsecount="1"/>
        <line num="277" count="0" type="stmt"/>
        <line num="278" count="0" type="stmt"/>
        <line num="281" count="12" type="stmt"/>
        <line num="283" count="12" type="cond" truecount="2" falsecount="0"/>
        <line num="284" count="5" type="stmt"/>
        <line num="285" count="7" type="cond" truecount="2" falsecount="0"/>
        <line num="286" count="4" type="stmt"/>
        <line num="287" count="3" type="cond" truecount="1" falsecount="1"/>
        <line num="288" count="3" type="stmt"/>
        <line num="290" count="0" type="stmt"/>
        <line num="291" count="0" type="stmt"/>
        <line num="295" count="9" type="cond" truecount="1" falsecount="1"/>
        <line num="296" count="0" type="stmt"/>
        <line num="297" count="0" type="stmt"/>
        <line num="300" count="9" type="cond" truecount="1" falsecount="1"/>
        <line num="301" count="0" type="stmt"/>
        <line num="302" count="0" type="stmt"/>
        <line num="305" count="9" type="stmt"/>
        <line num="307" count="3" type="stmt"/>
        <line num="311" count="12" type="stmt"/>
        <line num="312" count="0" type="stmt"/>
        <line num="313" count="0" type="stmt"/>
        <line num="316" count="12" type="stmt"/>
      </file>
    </package>
    <package name="Projet Studeo .stores">
      <metrics statements="40" coveredstatements="35" conditionals="22" coveredconditionals="16" methods="32" coveredmethods="26"/>
      <file name="useFlashcardStore.ts" path="/Users/daniel/Desktop/Projet Studeo /stores/useFlashcardStore.ts">
        <metrics statements="5" coveredstatements="5" conditionals="4" coveredconditionals="4" methods="6" coveredmethods="6"/>
        <line num="17" count="3" type="stmt"/>
        <line num="19" count="3" type="stmt"/>
        <line num="26" count="15" type="stmt"/>
        <line num="30" count="4" type="stmt"/>
        <line num="34" count="7" type="stmt"/>
      </file>
      <file name="useGamificationStore.ts" path="/Users/daniel/Desktop/Projet Studeo /stores/useGamificationStore.ts">
        <metrics statements="5" coveredstatements="5" conditionals="4" coveredconditionals="2" methods="6" coveredmethods="6"/>
        <line num="14" count="1" type="stmt"/>
        <line num="16" count="1" type="stmt"/>
        <line num="20" count="35" type="stmt"/>
        <line num="24" count="4" type="stmt"/>
        <line num="30" count="39" type="stmt"/>
      </file>
      <file name="useQuizSessionStore.ts" path="/Users/daniel/Desktop/Projet Studeo /stores/useQuizSessionStore.ts">
        <metrics statements="30" coveredstatements="25" conditionals="14" coveredconditionals="10" methods="20" coveredmethods="14"/>
        <line num="39" count="1" type="stmt"/>
        <line num="40" count="18" type="stmt"/>
        <line num="41" count="18" type="cond" truecount="2" falsecount="0"/>
        <line num="42" count="18" type="stmt"/>
        <line num="45" count="1" type="stmt"/>
        <line num="53" count="0" type="stmt"/>
        <line num="54" count="0" type="stmt"/>
        <line num="55" count="0" type="stmt"/>
        <line num="56" count="0" type="stmt"/>
        <line num="57" count="71" type="stmt"/>
        <line num="60" count="0" type="stmt"/>
        <line num="65" count="18" type="cond" truecount="2" falsecount="0"/>
        <line num="71" count="18" type="stmt"/>
        <line num="78" count="71" type="stmt"/>
        <line num="79" count="71" type="cond" truecount="1" falsecount="1"/>
        <line num="81" count="71" type="stmt"/>
        <line num="91" count="71" type="stmt"/>
        <line num="97" count="71" type="stmt"/>
        <line num="100" count="71" type="stmt"/>
        <line num="101" count="71" type="stmt"/>
        <line num="102" count="8" type="cond" truecount="2" falsecount="0"/>
        <line num="104" count="71" type="stmt"/>
        <line num="108" count="2" type="stmt"/>
        <line num="109" count="6" type="cond" truecount="2" falsecount="0"/>
        <line num="113" count="1" type="stmt"/>
        <line num="114" count="1" type="stmt"/>
        <line num="115" count="1" type="stmt"/>
        <line num="116" count="1" type="stmt"/>
        <line num="120" count="1" type="stmt"/>
        <line num="121" count="50" type="stmt"/>
      </file>
    </package>
    <package name="Projet Studeo .utils">
      <metrics statements="74" coveredstatements="71" conditionals="44" coveredconditionals="39" methods="7" coveredmethods="7"/>
      <file name="achievements.ts" path="/Users/daniel/Desktop/Projet Studeo /utils/achievements.ts">
        <metrics statements="32" coveredstatements="32" conditionals="25" coveredconditionals="23" methods="3" coveredmethods="3"/>
        <line num="3" count="1" type="stmt"/>
        <line num="104" count="1" type="stmt"/>
        <line num="120" count="1" type="stmt"/>
        <line num="121" count="52" type="stmt"/>
        <line num="122" count="52" type="stmt"/>
        <line num="123" count="52" type="stmt"/>
        <line num="126" count="52" type="stmt"/>
        <line num="127" count="676" type="cond" truecount="2" falsecount="0"/>
        <line num="129" count="586" type="stmt"/>
        <line num="131" count="586" type="cond" truecount="13" falsecount="0"/>
        <line num="133" count="46" type="stmt"/>
        <line num="134" count="46" type="stmt"/>
        <line num="136" count="52" type="stmt"/>
        <line num="137" count="52" type="stmt"/>
        <line num="139" count="52" type="stmt"/>
        <line num="140" count="52" type="stmt"/>
        <line num="145" count="156" type="stmt"/>
        <line num="146" count="156" type="cond" truecount="1" falsecount="1"/>
        <line num="147" count="156" type="stmt"/>
        <line num="152" count="121" type="cond" truecount="1" falsecount="1"/>
        <line num="153" count="121" type="stmt"/>
        <line num="156" count="3" type="stmt"/>
        <line num="157" count="3" type="stmt"/>
        <line num="160" count="52" type="cond" truecount="2" falsecount="0"/>
        <line num="161" count="52" type="stmt"/>
        <line num="164" count="52" type="cond" truecount="2" falsecount="0"/>
        <line num="165" count="52" type="stmt"/>
        <line num="170" count="52" type="stmt"/>
        <line num="173" count="586" type="cond" truecount="2" falsecount="0"/>
        <line num="174" count="3" type="stmt"/>
        <line num="175" count="3" type="stmt"/>
        <line num="179" count="52" type="stmt"/>
      </file>
      <file name="security.ts" path="/Users/daniel/Desktop/Projet Studeo /utils/security.ts">
        <metrics statements="11" coveredstatements="11" conditionals="0" coveredconditionals="0" methods="2" coveredmethods="2"/>
        <line num="1" count="2" type="stmt"/>
        <line num="3" count="44" type="stmt"/>
        <line num="4" count="44" type="stmt"/>
        <line num="5" count="44" type="stmt"/>
        <line num="8" count="44" type="stmt"/>
        <line num="9" count="44" type="stmt"/>
        <line num="10" count="44" type="stmt"/>
        <line num="13" count="2" type="stmt"/>
        <line num="15" count="5" type="stmt"/>
        <line num="16" count="5" type="stmt"/>
        <line num="17" count="5" type="stmt"/>
      </file>
      <file name="srsAlgorithm.ts" path="/Users/daniel/Desktop/Projet Studeo /utils/srsAlgorithm.ts">
        <metrics statements="31" coveredstatements="28" conditionals="19" coveredconditionals="16" methods="2" coveredmethods="2"/>
        <line num="16" count="1" type="stmt"/>
        <line num="29" count="1" type="stmt"/>
        <line num="36" count="13" type="cond" truecount="1" falsecount="1"/>
        <line num="37" count="13" type="cond" truecount="2" falsecount="0"/>
        <line num="39" count="0" type="stmt"/>
        <line num="43" count="13" type="stmt"/>
        <line num="45" count="13" type="stmt"/>
        <line num="47" count="13" type="cond" truecount="2" falsecount="0"/>
        <line num="49" count="7" type="cond" truecount="2" falsecount="0"/>
        <line num="51" count="5" type="cond" truecount="1" falsecount="1"/>
        <line num="52" count="0" type="stmt"/>
        <line num="53" count="5" type="cond" truecount="1" falsecount="1"/>
        <line num="54" count="5" type="stmt"/>
        <line num="56" count="0" type="stmt"/>
        <line num="58" count="2" type="cond" truecount="2" falsecount="0"/>
        <line num="59" count="1" type="stmt"/>
        <line num="61" count="1" type="stmt"/>
        <line num="63" count="7" type="stmt"/>
        <line num="66" count="6" type="stmt"/>
        <line num="67" count="6" type="stmt"/>
        <line num="72" count="13" type="stmt"/>
        <line num="75" count="13" type="cond" truecount="2" falsecount="0"/>
        <line num="76" count="5" type="stmt"/>
        <line num="80" count="13" type="stmt"/>
        <line num="81" count="13" type="stmt"/>
        <line num="83" count="13" type="stmt"/>
        <line num="95" count="1" type="stmt"/>
        <line num="96" count="18" type="cond" truecount="2" falsecount="0"/>
        <line num="97" count="13" type="stmt"/>
        <line num="98" count="13" type="stmt"/>
        <line num="99" count="13" type="stmt"/>
      </file>
    </package>
  </project>
</coverage>
