{"/Users/daniel/Desktop/Projet Studeo /constants.ts": {"path":"/Users/daniel/Desktop/Projet Studeo /constants.ts","statementMap":{"0":{"start":{"line":6,"column":42},"end":{"line":6,"column":null}},"1":{"start":{"line":7,"column":33},"end":{"line":7,"column":null}},"2":{"start":{"line":9,"column":47},"end":{"line":20,"column":null}},"3":{"start":{"line":22,"column":63},"end":{"line":77,"column":null}},"4":{"start":{"line":83,"column":31},"end":{"line":330,"column":null}}},"fnMap":{},"branchMap":{},"s":{"0":3,"1":3,"2":3,"3":3,"4":3},"f":{},"b":{},"meta":{"lastBranch":0,"lastFunction":0,"lastStatement":5,"seen":{"s:6:42:6:Infinity":0,"s:7:33:7:Infinity":1,"s:9:47:20:Infinity":2,"s:22:63:77:Infinity":3,"s:83:31:330:Infinity":4}}}
,"/Users/daniel/Desktop/Projet Studeo /constants/practicalTutorPrompts.ts": {"path":"/Users/daniel/Desktop/Projet Studeo /constants/practicalTutorPrompts.ts","statementMap":{"0":{"start":{"line":2,"column":34},"end":{"line":2,"column":null}},"1":{"start":{"line":27,"column":33},"end":{"line":27,"column":null}},"2":{"start":{"line":52,"column":40},"end":{"line":52,"column":null}}},"fnMap":{},"branchMap":{},"s":{"0":3,"1":3,"2":3},"f":{},"b":{},"meta":{"lastBranch":0,"lastFunction":0,"lastStatement":3,"seen":{"s:2:34:2:Infinity":0,"s:27:33:27:Infinity":1,"s:52:40:52:Infinity":2}}}
,"/Users/daniel/Desktop/Projet Studeo /constants/tutorPrompts.ts": {"path":"/Users/daniel/Desktop/Projet Studeo /constants/tutorPrompts.ts","statementMap":{"0":{"start":{"line":4,"column":39},"end":{"line":4,"column":null}},"1":{"start":{"line":24,"column":37},"end":{"line":24,"column":null}},"2":{"start":{"line":44,"column":38},"end":{"line":44,"column":null}},"3":{"start":{"line":64,"column":39},"end":{"line":64,"column":null}},"4":{"start":{"line":84,"column":35},"end":{"line":84,"column":null}},"5":{"start":{"line":104,"column":35},"end":{"line":104,"column":null}},"6":{"start":{"line":124,"column":35},"end":{"line":124,"column":null}},"7":{"start":{"line":144,"column":40},"end":{"line":144,"column":null}},"8":{"start":{"line":166,"column":33},"end":{"line":166,"column":null}},"9":{"start":{"line":197,"column":35},"end":{"line":197,"column":null}},"10":{"start":{"line":228,"column":33},"end":{"line":228,"column":null}},"11":{"start":{"line":259,"column":33},"end":{"line":259,"column":null}},"12":{"start":{"line":287,"column":33},"end":{"line":287,"column":null}},"13":{"start":{"line":315,"column":32},"end":{"line":315,"column":null}},"14":{"start":{"line":343,"column":34},"end":{"line":343,"column":null}},"15":{"start":{"line":371,"column":35},"end":{"line":371,"column":null}},"16":{"start":{"line":396,"column":36},"end":{"line":396,"column":null}},"17":{"start":{"line":421,"column":32},"end":{"line":421,"column":null}},"18":{"start":{"line":446,"column":36},"end":{"line":446,"column":null}},"19":{"start":{"line":471,"column":37},"end":{"line":471,"column":null}},"20":{"start":{"line":508,"column":32},"end":{"line":508,"column":null}},"21":{"start":{"line":540,"column":34},"end":{"line":540,"column":null}},"22":{"start":{"line":565,"column":34},"end":{"line":565,"column":null}},"23":{"start":{"line":590,"column":42},"end":{"line":590,"column":null}},"24":{"start":{"line":627,"column":35},"end":{"line":627,"column":null}},"25":{"start":{"line":652,"column":33},"end":{"line":652,"column":null}},"26":{"start":{"line":677,"column":34},"end":{"line":677,"column":null}}},"fnMap":{},"branchMap":{},"s":{"0":3,"1":3,"2":3,"3":3,"4":3,"5":3,"6":3,"7":3,"8":3,"9":3,"10":3,"11":3,"12":3,"13":3,"14":3,"15":3,"16":3,"17":3,"18":3,"19":3,"20":3,"21":3,"22":3,"23":3,"24":3,"25":3,"26":3},"f":{},"b":{},"meta":{"lastBranch":0,"lastFunction":0,"lastStatement":27,"seen":{"s:4:39:4:Infinity":0,"s:24:37:24:Infinity":1,"s:44:38:44:Infinity":2,"s:64:39:64:Infinity":3,"s:84:35:84:Infinity":4,"s:104:35:104:Infinity":5,"s:124:35:124:Infinity":6,"s:144:40:144:Infinity":7,"s:166:33:166:Infinity":8,"s:197:35:197:Infinity":9,"s:228:33:228:Infinity":10,"s:259:33:259:Infinity":11,"s:287:33:287:Infinity":12,"s:315:32:315:Infinity":13,"s:343:34:343:Infinity":14,"s:371:35:371:Infinity":15,"s:396:36:396:Infinity":16,"s:421:32:421:Infinity":17,"s:446:36:446:Infinity":18,"s:471:37:471:Infinity":19,"s:508:32:508:Infinity":20,"s:540:34:540:Infinity":21,"s:565:34:565:Infinity":22,"s:590:42:590:Infinity":23,"s:627:35:627:Infinity":24,"s:652:33:652:Infinity":25,"s:677:34:677:Infinity":26}}}
,"/Users/daniel/Desktop/Projet Studeo /hooks/useFlashcards.ts": {"path":"/Users/daniel/Desktop/Projet Studeo /hooks/useFlashcards.ts","statementMap":{"0":{"start":{"line":12,"column":29},"end":{"line":228,"column":null}},"1":{"start":{"line":13,"column":22},"end":{"line":13,"column":null}},"2":{"start":{"line":14,"column":29},"end":{"line":14,"column":null}},"3":{"start":{"line":15,"column":128},"end":{"line":15,"column":null}},"4":{"start":{"line":17,"column":10},"end":{"line":17,"column":null}},"5":{"start":{"line":17,"column":40},"end":{"line":17,"column":77}},"6":{"start":{"line":19,"column":29},"end":{"line":33,"column":null}},"7":{"start":{"line":20,"column":8},"end":{"line":32,"column":null}},"8":{"start":{"line":21,"column":41},"end":{"line":21,"column":null}},"9":{"start":{"line":22,"column":18},"end":{"line":22,"column":null}},"10":{"start":{"line":23,"column":18},"end":{"line":23,"column":null}},"11":{"start":{"line":25,"column":31},"end":{"line":25,"column":null}},"12":{"start":{"line":26,"column":12},"end":{"line":26,"column":null}},"13":{"start":{"line":26,"column":38},"end":{"line":26,"column":76}},"14":{"start":{"line":27,"column":12},"end":{"line":27,"column":null}},"15":{"start":{"line":28,"column":12},"end":{"line":28,"column":null}},"16":{"start":{"line":30,"column":12},"end":{"line":30,"column":null}},"17":{"start":{"line":31,"column":12},"end":{"line":31,"column":null}},"18":{"start":{"line":35,"column":34},"end":{"line":101,"column":null}},"19":{"start":{"line":36,"column":8},"end":{"line":100,"column":null}},"20":{"start":{"line":37,"column":31},"end":{"line":37,"column":null}},"21":{"start":{"line":38,"column":12},"end":{"line":38,"column":null}},"22":{"start":{"line":38,"column":44},"end":{"line":38,"column":null}},"23":{"start":{"line":40,"column":42},"end":{"line":92,"column":null}},"24":{"start":{"line":41,"column":22},"end":{"line":41,"column":null}},"25":{"start":{"line":43,"column":16},"end":{"line":91,"column":null}},"26":{"start":{"line":44,"column":20},"end":{"line":46,"column":null}},"27":{"start":{"line":45,"column":24},"end":{"line":45,"column":null}},"28":{"start":{"line":47,"column":20},"end":{"line":52,"column":null}},"29":{"start":{"line":53,"column":16},"end":{"line":91,"column":null}},"30":{"start":{"line":54,"column":20},"end":{"line":56,"column":null}},"31":{"start":{"line":55,"column":24},"end":{"line":55,"column":null}},"32":{"start":{"line":57,"column":20},"end":{"line":62,"column":null}},"33":{"start":{"line":63,"column":16},"end":{"line":91,"column":null}},"34":{"start":{"line":64,"column":20},"end":{"line":66,"column":null}},"35":{"start":{"line":65,"column":24},"end":{"line":65,"column":null}},"36":{"start":{"line":67,"column":20},"end":{"line":72,"column":null}},"37":{"start":{"line":76,"column":20},"end":{"line":86,"column":null}},"38":{"start":{"line":77,"column":62},"end":{"line":77,"column":null}},"39":{"start":{"line":78,"column":24},"end":{"line":82,"column":null}},"40":{"start":{"line":79,"column":28},"end":{"line":81,"column":null}},"41":{"start":{"line":80,"column":32},"end":{"line":80,"column":null}},"42":{"start":{"line":83,"column":24},"end":{"line":85,"column":null}},"43":{"start":{"line":84,"column":28},"end":{"line":84,"column":null}},"44":{"start":{"line":88,"column":20},"end":{"line":88,"column":null}},"45":{"start":{"line":88,"column":36},"end":{"line":88,"column":null}},"46":{"start":{"line":90,"column":20},"end":{"line":90,"column":null}},"47":{"start":{"line":94,"column":12},"end":{"line":94,"column":null}},"48":{"start":{"line":94,"column":38},"end":{"line":94,"column":77}},"49":{"start":{"line":95,"column":12},"end":{"line":95,"column":null}},"50":{"start":{"line":97,"column":12},"end":{"line":97,"column":null}},"51":{"start":{"line":98,"column":12},"end":{"line":98,"column":null}},"52":{"start":{"line":99,"column":12},"end":{"line":99,"column":null}},"53":{"start":{"line":103,"column":28},"end":{"line":117,"column":null}},"54":{"start":{"line":104,"column":8},"end":{"line":116,"column":null}},"55":{"start":{"line":110,"column":16},"end":{"line":112,"column":null}},"56":{"start":{"line":113,"column":16},"end":{"line":113,"column":null}},"57":{"start":{"line":114,"column":16},"end":{"line":114,"column":null}},"58":{"start":{"line":119,"column":21},"end":{"line":131,"column":null}},"59":{"start":{"line":120,"column":8},"end":{"line":130,"column":null}},"60":{"start":{"line":121,"column":25},"end":{"line":121,"column":null}},"61":{"start":{"line":125,"column":33},"end":{"line":125,"column":null}},"62":{"start":{"line":126,"column":12},"end":{"line":129,"column":null}},"63":{"start":{"line":133,"column":25},"end":{"line":138,"column":null}},"64":{"start":{"line":134,"column":8},"end":{"line":137,"column":null}},"65":{"start":{"line":134,"column":34},"end":{"line":137,"column":10}},"66":{"start":{"line":140,"column":22},"end":{"line":150,"column":null}},"67":{"start":{"line":141,"column":8},"end":{"line":144,"column":null}},"68":{"start":{"line":141,"column":34},"end":{"line":144,"column":10}},"69":{"start":{"line":145,"column":8},"end":{"line":148,"column":null}},"70":{"start":{"line":145,"column":42},"end":{"line":148,"column":10}},"71":{"start":{"line":149,"column":8},"end":{"line":149,"column":null}},"72":{"start":{"line":152,"column":22},"end":{"line":167,"column":null}},"73":{"start":{"line":153,"column":8},"end":{"line":162,"column":null}},"74":{"start":{"line":154,"column":28},"end":{"line":154,"column":null}},"75":{"start":{"line":155,"column":12},"end":{"line":155,"column":null}},"76":{"start":{"line":158,"column":12},"end":{"line":160,"column":null}},"77":{"start":{"line":159,"column":17},"end":{"line":159,"column":null}},"78":{"start":{"line":161,"column":12},"end":{"line":161,"column":null}},"79":{"start":{"line":164,"column":8},"end":{"line":166,"column":null}},"80":{"start":{"line":165,"column":12},"end":{"line":165,"column":null}},"81":{"start":{"line":169,"column":22},"end":{"line":190,"column":null}},"82":{"start":{"line":170,"column":8},"end":{"line":170,"column":null}},"83":{"start":{"line":170,"column":45},"end":{"line":170,"column":null}},"84":{"start":{"line":172,"column":8},"end":{"line":185,"column":null}},"85":{"start":{"line":173,"column":12},"end":{"line":176,"column":null}},"86":{"start":{"line":174,"column":16},"end":{"line":174,"column":null}},"87":{"start":{"line":175,"column":16},"end":{"line":175,"column":null}},"88":{"start":{"line":178,"column":26},"end":{"line":178,"column":null}},"89":{"start":{"line":179,"column":12},"end":{"line":179,"column":null}},"90":{"start":{"line":179,"column":24},"end":{"line":179,"column":null}},"91":{"start":{"line":181,"column":28},"end":{"line":181,"column":null}},"92":{"start":{"line":182,"column":12},"end":{"line":182,"column":null}},"93":{"start":{"line":183,"column":12},"end":{"line":183,"column":null}},"94":{"start":{"line":184,"column":12},"end":{"line":184,"column":null}},"95":{"start":{"line":187,"column":8},"end":{"line":189,"column":null}},"96":{"start":{"line":188,"column":12},"end":{"line":188,"column":null}},"97":{"start":{"line":192,"column":4},"end":{"line":227,"column":null}},"98":{"start":{"line":207,"column":12},"end":{"line":225,"column":null}},"99":{"start":{"line":213,"column":20},"end":{"line":222,"column":null}},"100":{"start":{"line":214,"column":69},"end":{"line":214,"column":null}},"101":{"start":{"line":215,"column":24},"end":{"line":220,"column":null}},"102":{"start":{"line":216,"column":28},"end":{"line":219,"column":null}},"103":{"start":{"line":216,"column":74},"end":{"line":219,"column":30}},"104":{"start":{"line":221,"column":24},"end":{"line":221,"column":null}},"105":{"start":{"line":223,"column":20},"end":{"line":223,"column":null}}},"fnMap":{"0":{"name":"(anonymous_0)","decl":{"start":{"line":12,"column":29},"end":{"line":12,"column":35}},"loc":{"start":{"line":12,"column":35},"end":{"line":228,"column":null}},"line":12},"1":{"name":"(anonymous_1)","decl":{"start":{"line":17,"column":34},"end":{"line":17,"column":40}},"loc":{"start":{"line":17,"column":40},"end":{"line":17,"column":77}},"line":17},"2":{"name":"(anonymous_2)","decl":{"start":{"line":19,"column":29},"end":{"line":19,"column":36}},"loc":{"start":{"line":19,"column":51},"end":{"line":33,"column":null}},"line":19},"3":{"name":"(anonymous_3)","decl":{"start":{"line":26,"column":29},"end":{"line":26,"column":38}},"loc":{"start":{"line":26,"column":38},"end":{"line":26,"column":76}},"line":26},"4":{"name":"(anonymous_4)","decl":{"start":{"line":35,"column":34},"end":{"line":35,"column":35}},"loc":{"start":{"line":35,"column":67},"end":{"line":101,"column":null}},"line":35},"5":{"name":"(anonymous_5)","decl":{"start":{"line":40,"column":57},"end":{"line":40,"column":58}},"loc":{"start":{"line":40,"column":72},"end":{"line":92,"column":13}},"line":40},"6":{"name":"(anonymous_6)","decl":{"start":{"line":78,"column":50},"end":{"line":78,"column":57}},"loc":{"start":{"line":78,"column":57},"end":{"line":82,"column":25}},"line":78},"7":{"name":"(anonymous_7)","decl":{"start":{"line":94,"column":29},"end":{"line":94,"column":38}},"loc":{"start":{"line":94,"column":38},"end":{"line":94,"column":77}},"line":94},"8":{"name":"(anonymous_8)","decl":{"start":{"line":103,"column":28},"end":{"line":103,"column":34}},"loc":{"start":{"line":103,"column":34},"end":{"line":117,"column":null}},"line":103},"9":{"name":"(anonymous_9)","decl":{"start":{"line":109,"column":23},"end":{"line":109,"column":29}},"loc":{"start":{"line":109,"column":29},"end":{"line":115,"column":null}},"line":109},"10":{"name":"(anonymous_10)","decl":{"start":{"line":119,"column":21},"end":{"line":119,"column":22}},"loc":{"start":{"line":119,"column":72},"end":{"line":131,"column":null}},"line":119},"11":{"name":"(anonymous_11)","decl":{"start":{"line":120,"column":25},"end":{"line":120,"column":33}},"loc":{"start":{"line":120,"column":33},"end":{"line":130,"column":9}},"line":120},"12":{"name":"(anonymous_12)","decl":{"start":{"line":133,"column":25},"end":{"line":133,"column":26}},"loc":{"start":{"line":133,"column":52},"end":{"line":138,"column":null}},"line":133},"13":{"name":"(anonymous_13)","decl":{"start":{"line":134,"column":25},"end":{"line":134,"column":34}},"loc":{"start":{"line":134,"column":34},"end":{"line":137,"column":10}},"line":134},"14":{"name":"(anonymous_14)","decl":{"start":{"line":140,"column":22},"end":{"line":140,"column":23}},"loc":{"start":{"line":140,"column":78},"end":{"line":150,"column":null}},"line":140},"15":{"name":"(anonymous_15)","decl":{"start":{"line":141,"column":25},"end":{"line":141,"column":34}},"loc":{"start":{"line":141,"column":34},"end":{"line":144,"column":10}},"line":141},"16":{"name":"(anonymous_16)","decl":{"start":{"line":145,"column":33},"end":{"line":145,"column":42}},"loc":{"start":{"line":145,"column":42},"end":{"line":148,"column":10}},"line":145},"17":{"name":"(anonymous_17)","decl":{"start":{"line":152,"column":22},"end":{"line":152,"column":23}},"loc":{"start":{"line":152,"column":40},"end":{"line":167,"column":null}},"line":152},"18":{"name":"(anonymous_18)","decl":{"start":{"line":153,"column":25},"end":{"line":153,"column":33}},"loc":{"start":{"line":153,"column":33},"end":{"line":162,"column":9}},"line":153},"19":{"name":"(anonymous_19)","decl":{"start":{"line":169,"column":22},"end":{"line":169,"column":23}},"loc":{"start":{"line":169,"column":60},"end":{"line":190,"column":null}},"line":169},"20":{"name":"(anonymous_20)","decl":{"start":{"line":172,"column":25},"end":{"line":172,"column":33}},"loc":{"start":{"line":172,"column":33},"end":{"line":185,"column":9}},"line":172},"21":{"name":"(anonymous_21)","decl":{"start":{"line":206,"column":26},"end":{"line":206,"column":32}},"loc":{"start":{"line":206,"column":32},"end":{"line":226,"column":null}},"line":206},"22":{"name":"(anonymous_22)","decl":{"start":{"line":212,"column":27},"end":{"line":212,"column":33}},"loc":{"start":{"line":212,"column":33},"end":{"line":224,"column":null}},"line":212},"23":{"name":"(anonymous_23)","decl":{"start":{"line":213,"column":37},"end":{"line":213,"column":45}},"loc":{"start":{"line":213,"column":45},"end":{"line":222,"column":21}},"line":213},"24":{"name":"(anonymous_24)","decl":{"start":{"line":215,"column":50},"end":{"line":215,"column":61}},"loc":{"start":{"line":215,"column":61},"end":{"line":220,"column":25}},"line":215},"25":{"name":"(anonymous_25)","decl":{"start":{"line":216,"column":65},"end":{"line":216,"column":74}},"loc":{"start":{"line":216,"column":74},"end":{"line":219,"column":30}},"line":216}},"branchMap":{"0":{"loc":{"start":{"line":17,"column":40},"end":{"line":17,"column":77}},"type":"binary-expr","locations":[{"start":{"line":17,"column":40},"end":{"line":17,"column":73}},{"start":{"line":17,"column":73},"end":{"line":17,"column":77}}],"line":17},"1":{"loc":{"start":{"line":25,"column":31},"end":{"line":25,"column":null}},"type":"binary-expr","locations":[{"start":{"line":25,"column":31},"end":{"line":25,"column":43}},{"start":{"line":25,"column":43},"end":{"line":25,"column":null}}],"line":25},"2":{"loc":{"start":{"line":31,"column":67},"end":{"line":31,"column":121}},"type":"cond-expr","locations":[{"start":{"line":31,"column":92},"end":{"line":31,"column":108}},{"start":{"line":31,"column":108},"end":{"line":31,"column":121}}],"line":31},"3":{"loc":{"start":{"line":38,"column":12},"end":{"line":38,"column":null}},"type":"if","locations":[{"start":{"line":38,"column":12},"end":{"line":38,"column":null}},{"start":{},"end":{}}],"line":38},"4":{"loc":{"start":{"line":43,"column":16},"end":{"line":91,"column":null}},"type":"if","locations":[{"start":{"line":43,"column":16},"end":{"line":91,"column":null}},{"start":{"line":53,"column":16},"end":{"line":91,"column":null}}],"line":43},"5":{"loc":{"start":{"line":44,"column":20},"end":{"line":46,"column":null}},"type":"if","locations":[{"start":{"line":44,"column":20},"end":{"line":46,"column":null}},{"start":{},"end":{}}],"line":44},"6":{"loc":{"start":{"line":44,"column":24},"end":{"line":44,"column":74}},"type":"binary-expr","locations":[{"start":{"line":44,"column":24},"end":{"line":44,"column":51}},{"start":{"line":44,"column":51},"end":{"line":44,"column":74}}],"line":44},"7":{"loc":{"start":{"line":44,"column":24},"end":{"line":44,"column":51}},"type":"cond-expr","locations":[{"start":{"line":44,"column":25},"end":{"line":44,"column":30}},{"start":{"line":44,"column":25},"end":{"line":44,"column":51}}],"line":44},"8":{"loc":{"start":{"line":44,"column":51},"end":{"line":44,"column":74}},"type":"cond-expr","locations":[{"start":{"line":44,"column":52},"end":{"line":44,"column":57}},{"start":{"line":44,"column":52},"end":{"line":44,"column":74}}],"line":44},"9":{"loc":{"start":{"line":53,"column":16},"end":{"line":91,"column":null}},"type":"if","locations":[{"start":{"line":53,"column":16},"end":{"line":91,"column":null}},{"start":{"line":63,"column":16},"end":{"line":91,"column":null}}],"line":53},"10":{"loc":{"start":{"line":54,"column":20},"end":{"line":56,"column":null}},"type":"if","locations":[{"start":{"line":54,"column":20},"end":{"line":56,"column":null}},{"start":{},"end":{}}],"line":54},"11":{"loc":{"start":{"line":54,"column":24},"end":{"line":54,"column":75}},"type":"binary-expr","locations":[{"start":{"line":54,"column":24},"end":{"line":54,"column":49}},{"start":{"line":54,"column":49},"end":{"line":54,"column":75}}],"line":54},"12":{"loc":{"start":{"line":54,"column":24},"end":{"line":54,"column":49}},"type":"cond-expr","locations":[{"start":{"line":54,"column":25},"end":{"line":54,"column":30}},{"start":{"line":54,"column":25},"end":{"line":54,"column":49}}],"line":54},"13":{"loc":{"start":{"line":54,"column":49},"end":{"line":54,"column":75}},"type":"cond-expr","locations":[{"start":{"line":54,"column":50},"end":{"line":54,"column":55}},{"start":{"line":54,"column":50},"end":{"line":54,"column":75}}],"line":54},"14":{"loc":{"start":{"line":63,"column":16},"end":{"line":91,"column":null}},"type":"if","locations":[{"start":{"line":63,"column":16},"end":{"line":91,"column":null}},{"start":{"line":73,"column":23},"end":{"line":91,"column":null}}],"line":63},"15":{"loc":{"start":{"line":64,"column":20},"end":{"line":66,"column":null}},"type":"if","locations":[{"start":{"line":64,"column":20},"end":{"line":66,"column":null}},{"start":{},"end":{}}],"line":64},"16":{"loc":{"start":{"line":76,"column":20},"end":{"line":86,"column":null}},"type":"if","locations":[{"start":{"line":76,"column":20},"end":{"line":86,"column":null}},{"start":{},"end":{}}],"line":76},"17":{"loc":{"start":{"line":76,"column":24},"end":{"line":76,"column":73}},"type":"binary-expr","locations":[{"start":{"line":76,"column":24},"end":{"line":76,"column":39}},{"start":{"line":76,"column":39},"end":{"line":76,"column":56}},{"start":{"line":76,"column":56},"end":{"line":76,"column":73}}],"line":76},"18":{"loc":{"start":{"line":79,"column":28},"end":{"line":81,"column":null}},"type":"if","locations":[{"start":{"line":79,"column":28},"end":{"line":81,"column":null}},{"start":{},"end":{}}],"line":79},"19":{"loc":{"start":{"line":79,"column":32},"end":{"line":79,"column":119}},"type":"binary-expr","locations":[{"start":{"line":79,"column":32},"end":{"line":79,"column":88}},{"start":{"line":79,"column":88},"end":{"line":79,"column":119}}],"line":79},"20":{"loc":{"start":{"line":83,"column":24},"end":{"line":85,"column":null}},"type":"if","locations":[{"start":{"line":83,"column":24},"end":{"line":85,"column":null}},{"start":{},"end":{}}],"line":83},"21":{"loc":{"start":{"line":88,"column":20},"end":{"line":88,"column":null}},"type":"if","locations":[{"start":{"line":88,"column":20},"end":{"line":88,"column":null}},{"start":{},"end":{}}],"line":88},"22":{"loc":{"start":{"line":98,"column":48},"end":{"line":98,"column":90}},"type":"cond-expr","locations":[{"start":{"line":98,"column":69},"end":{"line":98,"column":81}},{"start":{"line":98,"column":81},"end":{"line":98,"column":90}}],"line":98},"23":{"loc":{"start":{"line":121,"column":25},"end":{"line":121,"column":null}},"type":"binary-expr","locations":[{"start":{"line":121,"column":25},"end":{"line":121,"column":42}},{"start":{"line":121,"column":42},"end":{"line":121,"column":null}}],"line":121},"24":{"loc":{"start":{"line":125,"column":33},"end":{"line":125,"column":null}},"type":"binary-expr","locations":[{"start":{"line":125,"column":33},"end":{"line":125,"column":47}},{"start":{"line":125,"column":47},"end":{"line":125,"column":null}}],"line":125},"25":{"loc":{"start":{"line":158,"column":12},"end":{"line":160,"column":null}},"type":"if","locations":[{"start":{"line":158,"column":12},"end":{"line":160,"column":null}},{"start":{},"end":{}}],"line":158},"26":{"loc":{"start":{"line":164,"column":8},"end":{"line":166,"column":null}},"type":"if","locations":[{"start":{"line":164,"column":8},"end":{"line":166,"column":null}},{"start":{},"end":{}}],"line":164},"27":{"loc":{"start":{"line":170,"column":8},"end":{"line":170,"column":null}},"type":"if","locations":[{"start":{"line":170,"column":8},"end":{"line":170,"column":null}},{"start":{},"end":{}}],"line":170},"28":{"loc":{"start":{"line":170,"column":12},"end":{"line":170,"column":45}},"type":"binary-expr","locations":[{"start":{"line":170,"column":12},"end":{"line":170,"column":24}},{"start":{"line":170,"column":24},"end":{"line":170,"column":45}}],"line":170},"29":{"loc":{"start":{"line":173,"column":12},"end":{"line":176,"column":null}},"type":"if","locations":[{"start":{"line":173,"column":12},"end":{"line":176,"column":null}},{"start":{},"end":{}}],"line":173},"30":{"loc":{"start":{"line":179,"column":12},"end":{"line":179,"column":null}},"type":"if","locations":[{"start":{"line":179,"column":12},"end":{"line":179,"column":null}},{"start":{},"end":{}}],"line":179},"31":{"loc":{"start":{"line":187,"column":8},"end":{"line":189,"column":null}},"type":"if","locations":[{"start":{"line":187,"column":8},"end":{"line":189,"column":null}},{"start":{},"end":{}}],"line":187}},"s":{"0":2,"1":28,"2":28,"3":28,"4":28,"5":28,"6":28,"7":2,"8":2,"9":1,"10":1,"11":1,"12":2,"13":1,"14":2,"15":2,"16":1,"17":1,"18":28,"19":5,"20":5,"21":5,"22":1,"23":3,"24":6,"25":6,"26":1,"27":0,"28":1,"29":5,"30":1,"31":0,"32":1,"33":4,"34":2,"35":1,"36":1,"37":2,"38":2,"39":2,"40":5,"41":5,"42":2,"43":2,"44":0,"45":0,"46":0,"47":3,"48":2,"49":3,"50":3,"51":3,"52":3,"53":28,"54":0,"55":0,"56":0,"57":0,"58":28,"59":1,"60":1,"61":1,"62":1,"63":28,"64":2,"65":2,"66":28,"67":3,"68":3,"69":3,"70":3,"71":3,"72":28,"73":1,"74":1,"75":1,"76":1,"77":0,"78":1,"79":1,"80":1,"81":28,"82":1,"83":0,"84":1,"85":1,"86":0,"87":0,"88":1,"89":1,"90":0,"91":1,"92":1,"93":1,"94":1,"95":1,"96":1,"97":28,"98":1,"99":1,"100":1,"101":1,"102":3,"103":3,"104":1,"105":1},"f":{"0":28,"1":28,"2":2,"3":1,"4":5,"5":6,"6":5,"7":2,"8":0,"9":0,"10":1,"11":1,"12":2,"13":2,"14":3,"15":3,"16":3,"17":1,"18":1,"19":1,"20":1,"21":1,"22":1,"23":1,"24":3,"25":3},"b":{"0":[28,0],"1":[1,0],"2":[1,0],"3":[1,4],"4":[1,5],"5":[0,1],"6":[1,1],"7":[0,1],"8":[0,1],"9":[1,4],"10":[0,1],"11":[1,1],"12":[0,1],"13":[0,1],"14":[2,2],"15":[1,1],"16":[2,0],"17":[2,2,2],"18":[5,0],"19":[5,5],"20":[2,0],"21":[0,0],"22":[3,0],"23":[1,1],"24":[1,0],"25":[0,1],"26":[1,0],"27":[0,1],"28":[1,1],"29":[0,1],"30":[0,1],"31":[1,0]},"meta":{"lastBranch":32,"lastFunction":26,"lastStatement":106,"seen":{"s:12:29:228:Infinity":0,"f:12:29:12:35":0,"s:13:22:13:Infinity":1,"s:14:29:14:Infinity":2,"s:15:128:15:Infinity":3,"s:17:10:17:Infinity":4,"f:17:34:17:40":1,"s:17:40:17:77":5,"b:17:40:17:73:17:73:17:77":0,"s:19:29:33:Infinity":6,"f:19:29:19:36":2,"s:20:8:32:Infinity":7,"s:21:41:21:Infinity":8,"s:22:18:22:Infinity":9,"s:23:18:23:Infinity":10,"s:25:31:25:Infinity":11,"b:25:31:25:43:25:43:25:Infinity":1,"s:26:12:26:Infinity":12,"f:26:29:26:38":3,"s:26:38:26:76":13,"s:27:12:27:Infinity":14,"s:28:12:28:Infinity":15,"s:30:12:30:Infinity":16,"s:31:12:31:Infinity":17,"b:31:92:31:108:31:108:31:121":2,"s:35:34:101:Infinity":18,"f:35:34:35:35":4,"s:36:8:100:Infinity":19,"s:37:31:37:Infinity":20,"b:38:12:38:Infinity:undefined:undefined:undefined:undefined":3,"s:38:12:38:Infinity":21,"s:38:44:38:Infinity":22,"s:40:42:92:Infinity":23,"f:40:57:40:58":5,"s:41:22:41:Infinity":24,"b:43:16:91:Infinity:53:16:91:Infinity":4,"s:43:16:91:Infinity":25,"b:44:20:46:Infinity:undefined:undefined:undefined:undefined":5,"s:44:20:46:Infinity":26,"b:44:24:44:51:44:51:44:74":6,"b:44:25:44:30:44:25:44:51":7,"b:44:52:44:57:44:52:44:74":8,"s:45:24:45:Infinity":27,"s:47:20:52:Infinity":28,"b:53:16:91:Infinity:63:16:91:Infinity":9,"s:53:16:91:Infinity":29,"b:54:20:56:Infinity:undefined:undefined:undefined:undefined":10,"s:54:20:56:Infinity":30,"b:54:24:54:49:54:49:54:75":11,"b:54:25:54:30:54:25:54:49":12,"b:54:50:54:55:54:50:54:75":13,"s:55:24:55:Infinity":31,"s:57:20:62:Infinity":32,"b:63:16:91:Infinity:73:23:91:Infinity":14,"s:63:16:91:Infinity":33,"b:64:20:66:Infinity:undefined:undefined:undefined:undefined":15,"s:64:20:66:Infinity":34,"s:65:24:65:Infinity":35,"s:67:20:72:Infinity":36,"b:76:20:86:Infinity:undefined:undefined:undefined:undefined":16,"s:76:20:86:Infinity":37,"b:76:24:76:39:76:39:76:56:76:56:76:73":17,"s:77:62:77:Infinity":38,"s:78:24:82:Infinity":39,"f:78:50:78:57":6,"b:79:28:81:Infinity:undefined:undefined:undefined:undefined":18,"s:79:28:81:Infinity":40,"b:79:32:79:88:79:88:79:119":19,"s:80:32:80:Infinity":41,"b:83:24:85:Infinity:undefined:undefined:undefined:undefined":20,"s:83:24:85:Infinity":42,"s:84:28:84:Infinity":43,"b:88:20:88:Infinity:undefined:undefined:undefined:undefined":21,"s:88:20:88:Infinity":44,"s:88:36:88:Infinity":45,"s:90:20:90:Infinity":46,"s:94:12:94:Infinity":47,"f:94:29:94:38":7,"s:94:38:94:77":48,"s:95:12:95:Infinity":49,"s:97:12:97:Infinity":50,"s:98:12:98:Infinity":51,"b:98:69:98:81:98:81:98:90":22,"s:99:12:99:Infinity":52,"s:103:28:117:Infinity":53,"f:103:28:103:34":8,"s:104:8:116:Infinity":54,"f:109:23:109:29":9,"s:110:16:112:Infinity":55,"s:113:16:113:Infinity":56,"s:114:16:114:Infinity":57,"s:119:21:131:Infinity":58,"f:119:21:119:22":10,"s:120:8:130:Infinity":59,"f:120:25:120:33":11,"s:121:25:121:Infinity":60,"b:121:25:121:42:121:42:121:Infinity":23,"s:125:33:125:Infinity":61,"b:125:33:125:47:125:47:125:Infinity":24,"s:126:12:129:Infinity":62,"s:133:25:138:Infinity":63,"f:133:25:133:26":12,"s:134:8:137:Infinity":64,"f:134:25:134:34":13,"s:134:34:137:10":65,"s:140:22:150:Infinity":66,"f:140:22:140:23":14,"s:141:8:144:Infinity":67,"f:141:25:141:34":15,"s:141:34:144:10":68,"s:145:8:148:Infinity":69,"f:145:33:145:42":16,"s:145:42:148:10":70,"s:149:8:149:Infinity":71,"s:152:22:167:Infinity":72,"f:152:22:152:23":17,"s:153:8:162:Infinity":73,"f:153:25:153:33":18,"s:154:28:154:Infinity":74,"s:155:12:155:Infinity":75,"b:158:12:160:Infinity:undefined:undefined:undefined:undefined":25,"s:158:12:160:Infinity":76,"s:159:17:159:Infinity":77,"s:161:12:161:Infinity":78,"b:164:8:166:Infinity:undefined:undefined:undefined:undefined":26,"s:164:8:166:Infinity":79,"s:165:12:165:Infinity":80,"s:169:22:190:Infinity":81,"f:169:22:169:23":19,"b:170:8:170:Infinity:undefined:undefined:undefined:undefined":27,"s:170:8:170:Infinity":82,"b:170:12:170:24:170:24:170:45":28,"s:170:45:170:Infinity":83,"s:172:8:185:Infinity":84,"f:172:25:172:33":20,"b:173:12:176:Infinity:undefined:undefined:undefined:undefined":29,"s:173:12:176:Infinity":85,"s:174:16:174:Infinity":86,"s:175:16:175:Infinity":87,"s:178:26:178:Infinity":88,"b:179:12:179:Infinity:undefined:undefined:undefined:undefined":30,"s:179:12:179:Infinity":89,"s:179:24:179:Infinity":90,"s:181:28:181:Infinity":91,"s:182:12:182:Infinity":92,"s:183:12:183:Infinity":93,"s:184:12:184:Infinity":94,"b:187:8:189:Infinity:undefined:undefined:undefined:undefined":31,"s:187:8:189:Infinity":95,"s:188:12:188:Infinity":96,"s:192:4:227:Infinity":97,"f:206:26:206:32":21,"s:207:12:225:Infinity":98,"f:212:27:212:33":22,"s:213:20:222:Infinity":99,"f:213:37:213:45":23,"s:214:69:214:Infinity":100,"s:215:24:220:Infinity":101,"f:215:50:215:61":24,"s:216:28:219:Infinity":102,"f:216:65:216:74":25,"s:216:74:219:30":103,"s:221:24:221:Infinity":104,"s:223:20:223:Infinity":105}}}
,"/Users/daniel/Desktop/Projet Studeo /hooks/useGamification.ts": {"path":"/Users/daniel/Desktop/Projet Studeo /hooks/useGamification.ts","statementMap":{"0":{"start":{"line":4,"column":31},"end":{"line":136,"column":null}},"1":{"start":{"line":5,"column":85},"end":{"line":5,"column":null}},"2":{"start":{"line":8,"column":2},"end":{"line":25,"column":null}},"3":{"start":{"line":9,"column":10},"end":{"line":9,"column":null}},"4":{"start":{"line":10,"column":4},"end":{"line":24,"column":null}},"5":{"start":{"line":11,"column":8},"end":{"line":23,"column":null}},"6":{"start":{"line":12,"column":28},"end":{"line":12,"column":null}},"7":{"start":{"line":13,"column":29},"end":{"line":13,"column":null}},"8":{"start":{"line":14,"column":12},"end":{"line":21,"column":null}},"9":{"start":{"line":15,"column":38},"end":{"line":15,"column":null}},"10":{"start":{"line":15,"column":57},"end":{"line":15,"column":70}},"11":{"start":{"line":16,"column":16},"end":{"line":19,"column":null}},"12":{"start":{"line":17,"column":20},"end":{"line":17,"column":null}},"13":{"start":{"line":18,"column":20},"end":{"line":18,"column":null}},"14":{"start":{"line":20,"column":16},"end":{"line":20,"column":null}},"15":{"start":{"line":22,"column":12},"end":{"line":22,"column":null}},"16":{"start":{"line":30,"column":8},"end":{"line":125,"column":null}},"17":{"start":{"line":36,"column":4},"end":{"line":124,"column":null}},"18":{"start":{"line":37,"column":22},"end":{"line":37,"column":null}},"19":{"start":{"line":38,"column":12},"end":{"line":38,"column":null}},"20":{"start":{"line":39,"column":28},"end":{"line":39,"column":null}},"21":{"start":{"line":42,"column":6},"end":{"line":57,"column":null}},"22":{"start":{"line":45,"column":26},"end":{"line":45,"column":null}},"23":{"start":{"line":46,"column":8},"end":{"line":46,"column":null}},"24":{"start":{"line":47,"column":29},"end":{"line":47,"column":null}},"25":{"start":{"line":49,"column":8},"end":{"line":55,"column":null}},"26":{"start":{"line":51,"column":10},"end":{"line":51,"column":null}},"27":{"start":{"line":54,"column":10},"end":{"line":54,"column":null}},"28":{"start":{"line":56,"column":8},"end":{"line":56,"column":null}},"29":{"start":{"line":60,"column":6},"end":{"line":62,"column":null}},"30":{"start":{"line":61,"column":8},"end":{"line":61,"column":null}},"31":{"start":{"line":65,"column":6},"end":{"line":65,"column":null}},"32":{"start":{"line":66,"column":6},"end":{"line":66,"column":null}},"33":{"start":{"line":68,"column":6},"end":{"line":70,"column":null}},"34":{"start":{"line":69,"column":8},"end":{"line":69,"column":null}},"35":{"start":{"line":73,"column":19},"end":{"line":73,"column":null}},"36":{"start":{"line":74,"column":6},"end":{"line":100,"column":null}},"37":{"start":{"line":75,"column":10},"end":{"line":83,"column":null}},"38":{"start":{"line":76,"column":14},"end":{"line":82,"column":null}},"39":{"start":{"line":84,"column":21},"end":{"line":84,"column":null}},"40":{"start":{"line":85,"column":10},"end":{"line":85,"column":null}},"41":{"start":{"line":88,"column":10},"end":{"line":88,"column":null}},"42":{"start":{"line":91,"column":10},"end":{"line":93,"column":null}},"43":{"start":{"line":92,"column":14},"end":{"line":92,"column":null}},"44":{"start":{"line":96,"column":10},"end":{"line":99,"column":null}},"45":{"start":{"line":96,"column":38},"end":{"line":96,"column":null}},"46":{"start":{"line":96,"column":49},"end":{"line":99,"column":null}},"47":{"start":{"line":97,"column":43},"end":{"line":97,"column":null}},"48":{"start":{"line":97,"column":54},"end":{"line":99,"column":null}},"49":{"start":{"line":98,"column":42},"end":{"line":98,"column":null}},"50":{"start":{"line":99,"column":15},"end":{"line":99,"column":null}},"51":{"start":{"line":103,"column":12},"end":{"line":103,"column":null}},"52":{"start":{"line":106,"column":6},"end":{"line":112,"column":null}},"53":{"start":{"line":107,"column":29},"end":{"line":107,"column":null}},"54":{"start":{"line":107,"column":60},"end":{"line":107,"column":82}},"55":{"start":{"line":108,"column":10},"end":{"line":111,"column":null}},"56":{"start":{"line":109,"column":14},"end":{"line":109,"column":null}},"57":{"start":{"line":110,"column":14},"end":{"line":110,"column":null}},"58":{"start":{"line":114,"column":6},"end":{"line":121,"column":null}},"59":{"start":{"line":116,"column":8},"end":{"line":119,"column":null}},"60":{"start":{"line":117,"column":32},"end":{"line":117,"column":null}},"61":{"start":{"line":117,"column":51},"end":{"line":117,"column":64}},"62":{"start":{"line":118,"column":10},"end":{"line":118,"column":null}},"63":{"start":{"line":120,"column":8},"end":{"line":120,"column":null}},"64":{"start":{"line":123,"column":6},"end":{"line":123,"column":null}},"65":{"start":{"line":127,"column":31},"end":{"line":127,"column":null}},"66":{"start":{"line":127,"column":37},"end":{"line":127,"column":null}},"67":{"start":{"line":129,"column":2},"end":{"line":135,"column":null}}},"fnMap":{"0":{"name":"(anonymous_0)","decl":{"start":{"line":4,"column":31},"end":{"line":4,"column":37}},"loc":{"start":{"line":4,"column":37},"end":{"line":136,"column":null}},"line":4},"1":{"name":"(anonymous_1)","decl":{"start":{"line":8,"column":12},"end":{"line":8,"column":18}},"loc":{"start":{"line":8,"column":18},"end":{"line":25,"column":5}},"line":8},"2":{"name":"(anonymous_2)","decl":{"start":{"line":11,"column":28},"end":{"line":11,"column":39}},"loc":{"start":{"line":11,"column":39},"end":{"line":23,"column":9}},"line":11},"3":{"name":"(anonymous_3)","decl":{"start":{"line":14,"column":60},"end":{"line":14,"column":65}},"loc":{"start":{"line":14,"column":65},"end":{"line":21,"column":13}},"line":14},"4":{"name":"(anonymous_4)","decl":{"start":{"line":15,"column":52},"end":{"line":15,"column":57}},"loc":{"start":{"line":15,"column":57},"end":{"line":15,"column":70}},"line":15},"5":{"name":"(anonymous_5)","decl":{"start":{"line":30,"column":41},"end":{"line":30,"column":42}},"loc":{"start":{"line":35,"column":8},"end":{"line":125,"column":5}},"line":35},"6":{"name":"(anonymous_6)","decl":{"start":{"line":36,"column":24},"end":{"line":36,"column":39}},"loc":{"start":{"line":36,"column":39},"end":{"line":124,"column":5}},"line":36},"7":{"name":"(anonymous_7)","decl":{"start":{"line":107,"column":55},"end":{"line":107,"column":60}},"loc":{"start":{"line":107,"column":60},"end":{"line":107,"column":82}},"line":107},"8":{"name":"(anonymous_8)","decl":{"start":{"line":116,"column":56},"end":{"line":116,"column":61}},"loc":{"start":{"line":116,"column":61},"end":{"line":119,"column":9}},"line":116},"9":{"name":"(anonymous_9)","decl":{"start":{"line":117,"column":46},"end":{"line":117,"column":51}},"loc":{"start":{"line":117,"column":51},"end":{"line":117,"column":64}},"line":117},"10":{"name":"(anonymous_10)","decl":{"start":{"line":127,"column":31},"end":{"line":127,"column":37}},"loc":{"start":{"line":127,"column":37},"end":{"line":127,"column":null}},"line":127}},"branchMap":{"0":{"loc":{"start":{"line":10,"column":4},"end":{"line":24,"column":null}},"type":"if","locations":[{"start":{"line":10,"column":4},"end":{"line":24,"column":null}},{"start":{},"end":{}}],"line":10},"1":{"loc":{"start":{"line":16,"column":16},"end":{"line":19,"column":null}},"type":"if","locations":[{"start":{"line":16,"column":16},"end":{"line":19,"column":null}},{"start":{},"end":{}}],"line":16},"2":{"loc":{"start":{"line":16,"column":20},"end":{"line":16,"column":52}},"type":"binary-expr","locations":[{"start":{"line":16,"column":20},"end":{"line":16,"column":37}},{"start":{"line":16,"column":37},"end":{"line":16,"column":52}}],"line":16},"3":{"loc":{"start":{"line":22,"column":19},"end":{"line":22,"column":null}},"type":"cond-expr","locations":[{"start":{"line":22,"column":32},"end":{"line":22,"column":42}},{"start":{"line":22,"column":42},"end":{"line":22,"column":null}}],"line":22},"4":{"loc":{"start":{"line":42,"column":6},"end":{"line":57,"column":null}},"type":"if","locations":[{"start":{"line":42,"column":6},"end":{"line":57,"column":null}},{"start":{"line":44,"column":13},"end":{"line":57,"column":null}}],"line":42},"5":{"loc":{"start":{"line":49,"column":8},"end":{"line":55,"column":null}},"type":"if","locations":[{"start":{"line":49,"column":8},"end":{"line":55,"column":null}},{"start":{"line":52,"column":15},"end":{"line":55,"column":null}}],"line":49},"6":{"loc":{"start":{"line":60,"column":6},"end":{"line":62,"column":null}},"type":"if","locations":[{"start":{"line":60,"column":6},"end":{"line":62,"column":null}},{"start":{},"end":{}}],"line":60},"7":{"loc":{"start":{"line":68,"column":6},"end":{"line":70,"column":null}},"type":"if","locations":[{"start":{"line":68,"column":6},"end":{"line":70,"column":null}},{"start":{},"end":{}}],"line":68},"8":{"loc":{"start":{"line":68,"column":10},"end":{"line":68,"column":96}},"type":"binary-expr","locations":[{"start":{"line":68,"column":10},"end":{"line":68,"column":67}},{"start":{"line":68,"column":67},"end":{"line":68,"column":96}}],"line":68},"9":{"loc":{"start":{"line":74,"column":6},"end":{"line":100,"column":null}},"type":"if","locations":[{"start":{"line":74,"column":6},"end":{"line":100,"column":null}},{"start":{},"end":{}}],"line":74},"10":{"loc":{"start":{"line":74,"column":10},"end":{"line":74,"column":38}},"type":"binary-expr","locations":[{"start":{"line":74,"column":10},"end":{"line":74,"column":18}},{"start":{"line":74,"column":18},"end":{"line":74,"column":38}}],"line":74},"11":{"loc":{"start":{"line":75,"column":10},"end":{"line":83,"column":null}},"type":"if","locations":[{"start":{"line":75,"column":10},"end":{"line":83,"column":null}},{"start":{},"end":{}}],"line":75},"12":{"loc":{"start":{"line":91,"column":10},"end":{"line":93,"column":null}},"type":"if","locations":[{"start":{"line":91,"column":10},"end":{"line":93,"column":null}},{"start":{},"end":{}}],"line":91},"13":{"loc":{"start":{"line":96,"column":10},"end":{"line":99,"column":null}},"type":"if","locations":[{"start":{"line":96,"column":10},"end":{"line":99,"column":null}},{"start":{"line":96,"column":49},"end":{"line":99,"column":null}}],"line":96},"14":{"loc":{"start":{"line":96,"column":49},"end":{"line":99,"column":null}},"type":"if","locations":[{"start":{"line":96,"column":49},"end":{"line":99,"column":null}},{"start":{"line":97,"column":54},"end":{"line":99,"column":null}}],"line":96},"15":{"loc":{"start":{"line":97,"column":54},"end":{"line":99,"column":null}},"type":"if","locations":[{"start":{"line":97,"column":54},"end":{"line":99,"column":null}},{"start":{"line":99,"column":15},"end":{"line":99,"column":null}}],"line":97},"16":{"loc":{"start":{"line":106,"column":6},"end":{"line":112,"column":null}},"type":"if","locations":[{"start":{"line":106,"column":6},"end":{"line":112,"column":null}},{"start":{},"end":{}}],"line":106},"17":{"loc":{"start":{"line":106,"column":10},"end":{"line":106,"column":101}},"type":"binary-expr","locations":[{"start":{"line":106,"column":10},"end":{"line":106,"column":43}},{"start":{"line":106,"column":43},"end":{"line":106,"column":72}},{"start":{"line":106,"column":72},"end":{"line":106,"column":101}}],"line":106},"18":{"loc":{"start":{"line":108,"column":10},"end":{"line":111,"column":null}},"type":"if","locations":[{"start":{"line":108,"column":10},"end":{"line":111,"column":null}},{"start":{},"end":{}}],"line":108},"19":{"loc":{"start":{"line":108,"column":14},"end":{"line":108,"column":52}},"type":"binary-expr","locations":[{"start":{"line":108,"column":14},"end":{"line":108,"column":28}},{"start":{"line":108,"column":28},"end":{"line":108,"column":52}}],"line":108},"20":{"loc":{"start":{"line":114,"column":6},"end":{"line":121,"column":null}},"type":"if","locations":[{"start":{"line":114,"column":6},"end":{"line":121,"column":null}},{"start":{},"end":{}}],"line":114},"21":{"loc":{"start":{"line":118,"column":17},"end":{"line":118,"column":null}},"type":"cond-expr","locations":[{"start":{"line":118,"column":33},"end":{"line":118,"column":49}},{"start":{"line":118,"column":49},"end":{"line":118,"column":null}}],"line":118}},"s":{"0":1,"1":53,"2":53,"3":17,"4":17,"5":0,"6":0,"7":0,"8":0,"9":0,"10":0,"11":0,"12":0,"13":0,"14":0,"15":0,"16":53,"17":35,"18":35,"19":35,"20":35,"21":35,"22":12,"23":12,"24":12,"25":12,"26":7,"27":5,"28":12,"29":35,"30":7,"31":35,"32":35,"33":35,"34":27,"35":35,"36":35,"37":3,"38":1,"39":3,"40":3,"41":3,"42":3,"43":3,"44":3,"45":0,"46":3,"47":0,"48":3,"49":0,"50":3,"51":35,"52":35,"53":0,"54":0,"55":0,"56":0,"57":0,"58":35,"59":3,"60":39,"61":39,"62":39,"63":3,"64":35,"65":53,"66":1,"67":53},"f":{"0":53,"1":17,"2":0,"3":0,"4":0,"5":35,"6":35,"7":0,"8":39,"9":39,"10":1},"b":{"0":[0,17],"1":[0,0],"2":[0,0],"3":[0,0],"4":[23,12],"5":[7,5],"6":[7,28],"7":[27,8],"8":[35,28],"9":[3,32],"10":[35,35],"11":[1,2],"12":[3,0],"13":[0,3],"14":[0,3],"15":[0,3],"16":[0,35],"17":[35,19,0],"18":[0,0],"19":[0,0],"20":[3,32],"21":[3,36]},"meta":{"lastBranch":22,"lastFunction":11,"lastStatement":68,"seen":{"s:4:31:136:Infinity":0,"f:4:31:4:37":0,"s:5:85:5:Infinity":1,"s:8:2:25:Infinity":2,"f:8:12:8:18":1,"s:9:10:9:Infinity":3,"b:10:4:24:Infinity:undefined:undefined:undefined:undefined":0,"s:10:4:24:Infinity":4,"s:11:8:23:Infinity":5,"f:11:28:11:39":2,"s:12:28:12:Infinity":6,"s:13:29:13:Infinity":7,"s:14:12:21:Infinity":8,"f:14:60:14:65":3,"s:15:38:15:Infinity":9,"f:15:52:15:57":4,"s:15:57:15:70":10,"b:16:16:19:Infinity:undefined:undefined:undefined:undefined":1,"s:16:16:19:Infinity":11,"b:16:20:16:37:16:37:16:52":2,"s:17:20:17:Infinity":12,"s:18:20:18:Infinity":13,"s:20:16:20:Infinity":14,"s:22:12:22:Infinity":15,"b:22:32:22:42:22:42:22:Infinity":3,"s:30:8:125:Infinity":16,"f:30:41:30:42":5,"s:36:4:124:Infinity":17,"f:36:24:36:39":6,"s:37:22:37:Infinity":18,"s:38:12:38:Infinity":19,"s:39:28:39:Infinity":20,"b:42:6:57:Infinity:44:13:57:Infinity":4,"s:42:6:57:Infinity":21,"s:45:26:45:Infinity":22,"s:46:8:46:Infinity":23,"s:47:29:47:Infinity":24,"b:49:8:55:Infinity:52:15:55:Infinity":5,"s:49:8:55:Infinity":25,"s:51:10:51:Infinity":26,"s:54:10:54:Infinity":27,"s:56:8:56:Infinity":28,"b:60:6:62:Infinity:undefined:undefined:undefined:undefined":6,"s:60:6:62:Infinity":29,"s:61:8:61:Infinity":30,"s:65:6:65:Infinity":31,"s:66:6:66:Infinity":32,"b:68:6:70:Infinity:undefined:undefined:undefined:undefined":7,"s:68:6:70:Infinity":33,"b:68:10:68:67:68:67:68:96":8,"s:69:8:69:Infinity":34,"s:73:19:73:Infinity":35,"b:74:6:100:Infinity:undefined:undefined:undefined:undefined":9,"s:74:6:100:Infinity":36,"b:74:10:74:18:74:18:74:38":10,"b:75:10:83:Infinity:undefined:undefined:undefined:undefined":11,"s:75:10:83:Infinity":37,"s:76:14:82:Infinity":38,"s:84:21:84:Infinity":39,"s:85:10:85:Infinity":40,"s:88:10:88:Infinity":41,"b:91:10:93:Infinity:undefined:undefined:undefined:undefined":12,"s:91:10:93:Infinity":42,"s:92:14:92:Infinity":43,"b:96:10:99:Infinity:96:49:99:Infinity":13,"s:96:10:99:Infinity":44,"s:96:38:96:Infinity":45,"b:96:49:99:Infinity:97:54:99:Infinity":14,"s:96:49:99:Infinity":46,"s:97:43:97:Infinity":47,"b:97:54:99:Infinity:99:15:99:Infinity":15,"s:97:54:99:Infinity":48,"s:98:42:98:Infinity":49,"s:99:15:99:Infinity":50,"s:103:12:103:Infinity":51,"b:106:6:112:Infinity:undefined:undefined:undefined:undefined":16,"s:106:6:112:Infinity":52,"b:106:10:106:43:106:43:106:72:106:72:106:101":17,"s:107:29:107:Infinity":53,"f:107:55:107:60":7,"s:107:60:107:82":54,"b:108:10:111:Infinity:undefined:undefined:undefined:undefined":18,"s:108:10:111:Infinity":55,"b:108:14:108:28:108:28:108:52":19,"s:109:14:109:Infinity":56,"s:110:14:110:Infinity":57,"b:114:6:121:Infinity:undefined:undefined:undefined:undefined":20,"s:114:6:121:Infinity":58,"s:116:8:119:Infinity":59,"f:116:56:116:61":8,"s:117:32:117:Infinity":60,"f:117:46:117:51":9,"s:117:51:117:64":61,"s:118:10:118:Infinity":62,"b:118:33:118:49:118:49:118:Infinity":21,"s:120:8:120:Infinity":63,"s:123:6:123:Infinity":64,"s:127:31:127:Infinity":65,"f:127:31:127:37":10,"s:127:37:127:Infinity":66,"s:129:2:135:Infinity":67}}}
,"/Users/daniel/Desktop/Projet Studeo /hooks/useLocalStorage.ts": {"path":"/Users/daniel/Desktop/Projet Studeo /hooks/useLocalStorage.ts","statementMap":{"0":{"start":{"line":11,"column":36},"end":{"line":34,"column":null}},"1":{"start":{"line":12,"column":4},"end":{"line":33,"column":null}},"2":{"start":{"line":13,"column":19},"end":{"line":13,"column":null}},"3":{"start":{"line":15,"column":6},"end":{"line":17,"column":null}},"4":{"start":{"line":16,"column":8},"end":{"line":16,"column":null}},"5":{"start":{"line":19,"column":21},"end":{"line":19,"column":null}},"6":{"start":{"line":22,"column":6},"end":{"line":27,"column":null}},"7":{"start":{"line":23,"column":8},"end":{"line":25,"column":null}},"8":{"start":{"line":26,"column":8},"end":{"line":26,"column":null}},"9":{"start":{"line":29,"column":6},"end":{"line":29,"column":null}},"10":{"start":{"line":31,"column":6},"end":{"line":31,"column":null}},"11":{"start":{"line":32,"column":6},"end":{"line":32,"column":null}},"12":{"start":{"line":36,"column":2},"end":{"line":56,"column":null}},"13":{"start":{"line":37,"column":4},"end":{"line":55,"column":null}},"14":{"start":{"line":39,"column":25},"end":{"line":39,"column":null}},"15":{"start":{"line":42,"column":6},"end":{"line":45,"column":null}},"16":{"start":{"line":43,"column":8},"end":{"line":43,"column":null}},"17":{"start":{"line":44,"column":8},"end":{"line":44,"column":null}},"18":{"start":{"line":47,"column":6},"end":{"line":47,"column":null}},"19":{"start":{"line":49,"column":6},"end":{"line":54,"column":null}},"20":{"start":{"line":50,"column":8},"end":{"line":50,"column":null}},"21":{"start":{"line":53,"column":8},"end":{"line":53,"column":null}},"22":{"start":{"line":58,"column":2},"end":{"line":58,"column":null}}},"fnMap":{"0":{"name":"useLocalStorage","decl":{"start":{"line":6,"column":16},"end":{"line":6,"column":null}},"loc":{"start":{"line":10,"column":48},"end":{"line":59,"column":null}},"line":10},"1":{"name":"(anonymous_1)","decl":{"start":{"line":11,"column":52},"end":{"line":11,"column":58}},"loc":{"start":{"line":11,"column":58},"end":{"line":34,"column":3}},"line":11},"2":{"name":"(anonymous_2)","decl":{"start":{"line":36,"column":12},"end":{"line":36,"column":18}},"loc":{"start":{"line":36,"column":18},"end":{"line":56,"column":5}},"line":36}},"branchMap":{"0":{"loc":{"start":{"line":15,"column":6},"end":{"line":17,"column":null}},"type":"if","locations":[{"start":{"line":15,"column":6},"end":{"line":17,"column":null}},{"start":{},"end":{}}],"line":15},"1":{"loc":{"start":{"line":22,"column":6},"end":{"line":27,"column":null}},"type":"if","locations":[{"start":{"line":22,"column":6},"end":{"line":27,"column":null}},{"start":{},"end":{}}],"line":22},"2":{"loc":{"start":{"line":22,"column":10},"end":{"line":22,"column":43}},"type":"binary-expr","locations":[{"start":{"line":22,"column":10},"end":{"line":22,"column":23}},{"start":{"line":22,"column":23},"end":{"line":22,"column":43}}],"line":22},"3":{"loc":{"start":{"line":42,"column":6},"end":{"line":45,"column":null}},"type":"if","locations":[{"start":{"line":42,"column":6},"end":{"line":45,"column":null}},{"start":{},"end":{}}],"line":42},"4":{"loc":{"start":{"line":49,"column":6},"end":{"line":54,"column":null}},"type":"if","locations":[{"start":{"line":49,"column":6},"end":{"line":54,"column":null}},{"start":{"line":52,"column":13},"end":{"line":54,"column":null}}],"line":49},"5":{"loc":{"start":{"line":49,"column":10},"end":{"line":49,"column":73}},"type":"binary-expr","locations":[{"start":{"line":49,"column":10},"end":{"line":49,"column":36}},{"start":{"line":49,"column":36},"end":{"line":49,"column":73}}],"line":49}},"s":{"0":9,"1":7,"2":7,"3":7,"4":4,"5":3,"6":3,"7":1,"8":1,"9":1,"10":1,"11":1,"12":9,"13":9,"14":9,"15":9,"16":1,"17":1,"18":8,"19":0,"20":0,"21":0,"22":9},"f":{"0":9,"1":7,"2":9},"b":{"0":[4,3],"1":[1,2],"2":[3,1],"3":[1,8],"4":[0,0],"5":[0,0]},"meta":{"lastBranch":6,"lastFunction":3,"lastStatement":23,"seen":{"f:6:16:6:Infinity":0,"s:11:36:34:Infinity":0,"f:11:52:11:58":1,"s:12:4:33:Infinity":1,"s:13:19:13:Infinity":2,"b:15:6:17:Infinity:undefined:undefined:undefined:undefined":0,"s:15:6:17:Infinity":3,"s:16:8:16:Infinity":4,"s:19:21:19:Infinity":5,"b:22:6:27:Infinity:undefined:undefined:undefined:undefined":1,"s:22:6:27:Infinity":6,"b:22:10:22:23:22:23:22:43":2,"s:23:8:25:Infinity":7,"s:26:8:26:Infinity":8,"s:29:6:29:Infinity":9,"s:31:6:31:Infinity":10,"s:32:6:32:Infinity":11,"s:36:2:56:Infinity":12,"f:36:12:36:18":2,"s:37:4:55:Infinity":13,"s:39:25:39:Infinity":14,"b:42:6:45:Infinity:undefined:undefined:undefined:undefined":3,"s:42:6:45:Infinity":15,"s:43:8:43:Infinity":16,"s:44:8:44:Infinity":17,"s:47:6:47:Infinity":18,"b:49:6:54:Infinity:52:13:54:Infinity":4,"s:49:6:54:Infinity":19,"b:49:10:49:36:49:36:49:73":5,"s:50:8:50:Infinity":20,"s:53:8:53:Infinity":21,"s:58:2:58:Infinity":22}}}
,"/Users/daniel/Desktop/Projet Studeo /hooks/useSRS.ts": {"path":"/Users/daniel/Desktop/Projet Studeo /hooks/useSRS.ts","statementMap":{"0":{"start":{"line":5,"column":22},"end":{"line":50,"column":null}},"1":{"start":{"line":10,"column":8},"end":{"line":17,"column":null}},"2":{"start":{"line":11,"column":10},"end":{"line":11,"column":null}},"3":{"start":{"line":13,"column":4},"end":{"line":16,"column":null}},"4":{"start":{"line":22,"column":8},"end":{"line":24,"column":null}},"5":{"start":{"line":23,"column":4},"end":{"line":23,"column":null}},"6":{"start":{"line":23,"column":24},"end":{"line":23,"column":60}},"7":{"start":{"line":29,"column":8},"end":{"line":43,"column":null}},"8":{"start":{"line":30,"column":23},"end":{"line":30,"column":null}},"9":{"start":{"line":31,"column":21},"end":{"line":31,"column":null}},"10":{"start":{"line":32,"column":21},"end":{"line":32,"column":null}},"11":{"start":{"line":32,"column":39},"end":{"line":32,"column":49}},"12":{"start":{"line":33,"column":26},"end":{"line":33,"column":null}},"13":{"start":{"line":33,"column":44},"end":{"line":33,"column":80}},"14":{"start":{"line":34,"column":26},"end":{"line":34,"column":null}},"15":{"start":{"line":34,"column":44},"end":{"line":34,"column":81}},"16":{"start":{"line":36,"column":4},"end":{"line":42,"column":null}},"17":{"start":{"line":45,"column":2},"end":{"line":49,"column":null}}},"fnMap":{"0":{"name":"(anonymous_0)","decl":{"start":{"line":5,"column":22},"end":{"line":5,"column":28}},"loc":{"start":{"line":5,"column":28},"end":{"line":50,"column":null}},"line":5},"1":{"name":"(anonymous_1)","decl":{"start":{"line":10,"column":36},"end":{"line":10,"column":37}},"loc":{"start":{"line":10,"column":88},"end":{"line":17,"column":5}},"line":10},"2":{"name":"(anonymous_2)","decl":{"start":{"line":22,"column":34},"end":{"line":22,"column":35}},"loc":{"start":{"line":22,"column":71},"end":{"line":24,"column":5}},"line":22},"3":{"name":"(anonymous_3)","decl":{"start":{"line":23,"column":24},"end":{"line":23,"column":32}},"loc":{"start":{"line":23,"column":24},"end":{"line":23,"column":60}},"line":23},"4":{"name":"(anonymous_4)","decl":{"start":{"line":29,"column":34},"end":{"line":29,"column":35}},"loc":{"start":{"line":29,"column":58},"end":{"line":43,"column":5}},"line":29},"5":{"name":"(anonymous_5)","decl":{"start":{"line":32,"column":34},"end":{"line":32,"column":39}},"loc":{"start":{"line":32,"column":39},"end":{"line":32,"column":49}},"line":32},"6":{"name":"(anonymous_6)","decl":{"start":{"line":33,"column":39},"end":{"line":33,"column":44}},"loc":{"start":{"line":33,"column":44},"end":{"line":33,"column":80}},"line":33},"7":{"name":"(anonymous_7)","decl":{"start":{"line":34,"column":39},"end":{"line":34,"column":44}},"loc":{"start":{"line":34,"column":44},"end":{"line":34,"column":81}},"line":34}},"branchMap":{"0":{"loc":{"start":{"line":33,"column":44},"end":{"line":33,"column":80}},"type":"binary-expr","locations":[{"start":{"line":33,"column":44},"end":{"line":33,"column":57}},{"start":{"line":33,"column":57},"end":{"line":33,"column":80}}],"line":33},"1":{"loc":{"start":{"line":34,"column":44},"end":{"line":34,"column":81}},"type":"binary-expr","locations":[{"start":{"line":34,"column":44},"end":{"line":34,"column":57}},{"start":{"line":34,"column":57},"end":{"line":34,"column":81}}],"line":34}},"s":{"0":1,"1":15,"2":13,"3":13,"4":15,"5":8,"6":18,"7":15,"8":3,"9":3,"10":3,"11":10,"12":3,"13":10,"14":3,"15":10,"16":3,"17":15},"f":{"0":15,"1":13,"2":8,"3":18,"4":3,"5":10,"6":10,"7":10},"b":{"0":[10,8],"1":[10,8]},"meta":{"lastBranch":2,"lastFunction":8,"lastStatement":18,"seen":{"s:5:22:50:Infinity":0,"f:5:22:5:28":0,"s:10:8:17:Infinity":1,"f:10:36:10:37":1,"s:11:10:11:Infinity":2,"s:13:4:16:Infinity":3,"s:22:8:24:Infinity":4,"f:22:34:22:35":2,"s:23:4:23:Infinity":5,"f:23:24:23:32":3,"s:23:24:23:60":6,"s:29:8:43:Infinity":7,"f:29:34:29:35":4,"s:30:23:30:Infinity":8,"s:31:21:31:Infinity":9,"s:32:21:32:Infinity":10,"f:32:34:32:39":5,"s:32:39:32:49":11,"s:33:26:33:Infinity":12,"f:33:39:33:44":6,"s:33:44:33:80":13,"b:33:44:33:57:33:57:33:80":0,"s:34:26:34:Infinity":14,"f:34:39:34:44":7,"s:34:44:34:81":15,"b:34:44:34:57:34:57:34:81":1,"s:36:4:42:Infinity":16,"s:45:2:49:Infinity":17}}}
,"/Users/daniel/Desktop/Projet Studeo /services/fileParser.ts": {"path":"/Users/daniel/Desktop/Projet Studeo /services/fileParser.ts","statementMap":{"0":{"start":{"line":6,"column":22},"end":{"line":6,"column":null}},"1":{"start":{"line":7,"column":18},"end":{"line":7,"column":null}},"2":{"start":{"line":8,"column":27},"end":{"line":8,"column":null}},"3":{"start":{"line":10,"column":23},"end":{"line":15,"column":null}},"4":{"start":{"line":11,"column":4},"end":{"line":11,"column":null}},"5":{"start":{"line":11,"column":33},"end":{"line":11,"column":null}},"6":{"start":{"line":13,"column":10},"end":{"line":13,"column":null}},"7":{"start":{"line":14,"column":4},"end":{"line":14,"column":null}},"8":{"start":{"line":17,"column":18},"end":{"line":175,"column":null}},"9":{"start":{"line":19,"column":4},"end":{"line":23,"column":null}},"10":{"start":{"line":20,"column":8},"end":{"line":20,"column":null}},"11":{"start":{"line":22,"column":8},"end":{"line":22,"column":null}},"12":{"start":{"line":25,"column":4},"end":{"line":27,"column":null}},"13":{"start":{"line":26,"column":8},"end":{"line":26,"column":null}},"14":{"start":{"line":29,"column":4},"end":{"line":31,"column":null}},"15":{"start":{"line":30,"column":8},"end":{"line":30,"column":null}},"16":{"start":{"line":33,"column":4},"end":{"line":174,"column":null}},"17":{"start":{"line":34,"column":8},"end":{"line":37,"column":null}},"18":{"start":{"line":35,"column":12},"end":{"line":35,"column":null}},"19":{"start":{"line":36,"column":12},"end":{"line":36,"column":null}},"20":{"start":{"line":41,"column":21},"end":{"line":41,"column":null}},"21":{"start":{"line":42,"column":8},"end":{"line":45,"column":null}},"22":{"start":{"line":42,"column":47},"end":{"line":42,"column":133}},"23":{"start":{"line":43,"column":13},"end":{"line":43,"column":null}},"24":{"start":{"line":44,"column":13},"end":{"line":44,"column":null}},"25":{"start":{"line":47,"column":14},"end":{"line":47,"column":null}},"26":{"start":{"line":48,"column":21},"end":{"line":48,"column":null}},"27":{"start":{"line":51,"column":8},"end":{"line":63,"column":null}},"28":{"start":{"line":52,"column":12},"end":{"line":61,"column":null}},"29":{"start":{"line":53,"column":16},"end":{"line":60,"column":null}},"30":{"start":{"line":62,"column":12},"end":{"line":62,"column":null}},"31":{"start":{"line":66,"column":8},"end":{"line":85,"column":null}},"32":{"start":{"line":67,"column":12},"end":{"line":83,"column":null}},"33":{"start":{"line":71,"column":53},"end":{"line":71,"column":76}},"34":{"start":{"line":73,"column":32},"end":{"line":73,"column":null}},"35":{"start":{"line":74,"column":16},"end":{"line":82,"column":null}},"36":{"start":{"line":80,"column":72},"end":{"line":80,"column":107}},"37":{"start":{"line":84,"column":12},"end":{"line":84,"column":null}},"38":{"start":{"line":88,"column":8},"end":{"line":127,"column":null}},"39":{"start":{"line":89,"column":32},"end":{"line":89,"column":null}},"40":{"start":{"line":90,"column":12},"end":{"line":125,"column":null}},"41":{"start":{"line":95,"column":66},"end":{"line":95,"column":null}},"42":{"start":{"line":96,"column":16},"end":{"line":98,"column":null}},"43":{"start":{"line":97,"column":20},"end":{"line":97,"column":null}},"44":{"start":{"line":100,"column":64},"end":{"line":100,"column":null}},"45":{"start":{"line":101,"column":16},"end":{"line":103,"column":null}},"46":{"start":{"line":102,"column":20},"end":{"line":102,"column":null}},"47":{"start":{"line":106,"column":16},"end":{"line":106,"column":null}},"48":{"start":{"line":106,"column":110},"end":{"line":106,"column":null}},"49":{"start":{"line":108,"column":16},"end":{"line":124,"column":null}},"50":{"start":{"line":116,"column":75},"end":{"line":116,"column":null}},"51":{"start":{"line":117,"column":32},"end":{"line":119,"column":null}},"52":{"start":{"line":118,"column":36},"end":{"line":118,"column":null}},"53":{"start":{"line":120,"column":32},"end":{"line":120,"column":null}},"54":{"start":{"line":121,"column":50},"end":{"line":121,"column":75}},"55":{"start":{"line":126,"column":12},"end":{"line":126,"column":null}},"56":{"start":{"line":130,"column":8},"end":{"line":144,"column":null}},"57":{"start":{"line":131,"column":12},"end":{"line":142,"column":null}},"58":{"start":{"line":132,"column":63},"end":{"line":132,"column":null}},"59":{"start":{"line":133,"column":16},"end":{"line":137,"column":null}},"60":{"start":{"line":134,"column":31},"end":{"line":134,"column":null}},"61":{"start":{"line":135,"column":31},"end":{"line":135,"column":null}},"62":{"start":{"line":136,"column":20},"end":{"line":136,"column":null}},"63":{"start":{"line":136,"column":34},"end":{"line":136,"column":null}},"64":{"start":{"line":139,"column":16},"end":{"line":141,"column":null}},"65":{"start":{"line":140,"column":20},"end":{"line":140,"column":null}},"66":{"start":{"line":143,"column":12},"end":{"line":143,"column":null}},"67":{"start":{"line":147,"column":8},"end":{"line":170,"column":null}},"68":{"start":{"line":148,"column":60},"end":{"line":148,"column":null}},"69":{"start":{"line":150,"column":12},"end":{"line":157,"column":null}},"70":{"start":{"line":151,"column":16},"end":{"line":151,"column":null}},"71":{"start":{"line":152,"column":12},"end":{"line":157,"column":null}},"72":{"start":{"line":154,"column":16},"end":{"line":156,"column":null}},"73":{"start":{"line":154,"column":51},"end":{"line":154,"column":72}},"74":{"start":{"line":155,"column":20},"end":{"line":155,"column":null}},"75":{"start":{"line":159,"column":12},"end":{"line":169,"column":null}},"76":{"start":{"line":160,"column":63},"end":{"line":160,"column":null}},"77":{"start":{"line":161,"column":16},"end":{"line":165,"column":null}},"78":{"start":{"line":162,"column":31},"end":{"line":162,"column":null}},"79":{"start":{"line":163,"column":31},"end":{"line":163,"column":null}},"80":{"start":{"line":164,"column":20},"end":{"line":164,"column":null}},"81":{"start":{"line":164,"column":34},"end":{"line":164,"column":null}},"82":{"start":{"line":166,"column":16},"end":{"line":168,"column":null}},"83":{"start":{"line":167,"column":20},"end":{"line":167,"column":null}},"84":{"start":{"line":172,"column":8},"end":{"line":172,"column":null}},"85":{"start":{"line":174,"column":43},"end":{"line":174,"column":56}},"86":{"start":{"line":177,"column":17},"end":{"line":202,"column":null}},"87":{"start":{"line":178,"column":18},"end":{"line":178,"column":null}},"88":{"start":{"line":179,"column":4},"end":{"line":181,"column":null}},"89":{"start":{"line":180,"column":8},"end":{"line":180,"column":null}},"90":{"start":{"line":183,"column":4},"end":{"line":185,"column":null}},"91":{"start":{"line":184,"column":9},"end":{"line":184,"column":null}},"92":{"start":{"line":187,"column":19},"end":{"line":187,"column":null}},"93":{"start":{"line":187,"column":48},"end":{"line":187,"column":72}},"94":{"start":{"line":188,"column":36},"end":{"line":188,"column":null}},"95":{"start":{"line":190,"column":4},"end":{"line":200,"column":null}},"96":{"start":{"line":190,"column":17},"end":{"line":190,"column":20}},"97":{"start":{"line":191,"column":23},"end":{"line":191,"column":null}},"98":{"start":{"line":191,"column":52},"end":{"line":191,"column":76}},"99":{"start":{"line":192,"column":8},"end":{"line":192,"column":null}},"100":{"start":{"line":192,"column":45},"end":{"line":192,"column":null}},"101":{"start":{"line":193,"column":46},"end":{"line":193,"column":null}},"102":{"start":{"line":194,"column":8},"end":{"line":196,"column":null}},"103":{"start":{"line":195,"column":12},"end":{"line":195,"column":null}},"104":{"start":{"line":195,"column":22},"end":{"line":195,"column":null}},"105":{"start":{"line":197,"column":8},"end":{"line":199,"column":null}},"106":{"start":{"line":198,"column":12},"end":{"line":198,"column":null}},"107":{"start":{"line":201,"column":4},"end":{"line":201,"column":null}},"108":{"start":{"line":204,"column":22},"end":{"line":232,"column":null}},"109":{"start":{"line":205,"column":18},"end":{"line":205,"column":null}},"110":{"start":{"line":207,"column":4},"end":{"line":209,"column":null}},"111":{"start":{"line":208,"column":9},"end":{"line":208,"column":null}},"112":{"start":{"line":211,"column":24},"end":{"line":211,"column":null}},"113":{"start":{"line":212,"column":4},"end":{"line":212,"column":null}},"114":{"start":{"line":212,"column":22},"end":{"line":212,"column":null}},"115":{"start":{"line":214,"column":19},"end":{"line":214,"column":null}},"116":{"start":{"line":214,"column":54},"end":{"line":214,"column":78}},"117":{"start":{"line":215,"column":36},"end":{"line":215,"column":null}},"118":{"start":{"line":217,"column":4},"end":{"line":230,"column":null}},"119":{"start":{"line":217,"column":17},"end":{"line":217,"column":20}},"120":{"start":{"line":218,"column":25},"end":{"line":218,"column":null}},"121":{"start":{"line":219,"column":8},"end":{"line":219,"column":null}},"122":{"start":{"line":219,"column":23},"end":{"line":219,"column":null}},"123":{"start":{"line":220,"column":23},"end":{"line":220,"column":null}},"124":{"start":{"line":220,"column":55},"end":{"line":220,"column":79}},"125":{"start":{"line":221,"column":8},"end":{"line":221,"column":null}},"126":{"start":{"line":221,"column":45},"end":{"line":221,"column":null}},"127":{"start":{"line":223,"column":46},"end":{"line":223,"column":null}},"128":{"start":{"line":224,"column":8},"end":{"line":226,"column":null}},"129":{"start":{"line":225,"column":12},"end":{"line":225,"column":null}},"130":{"start":{"line":225,"column":22},"end":{"line":225,"column":null}},"131":{"start":{"line":227,"column":8},"end":{"line":229,"column":null}},"132":{"start":{"line":228,"column":12},"end":{"line":228,"column":null}},"133":{"start":{"line":231,"column":4},"end":{"line":231,"column":null}},"134":{"start":{"line":234,"column":25},"end":{"line":318,"column":null}},"135":{"start":{"line":235,"column":4},"end":{"line":317,"column":null}},"136":{"start":{"line":237,"column":26},"end":{"line":237,"column":null}},"137":{"start":{"line":238,"column":8},"end":{"line":241,"column":null}},"138":{"start":{"line":239,"column":12},"end":{"line":239,"column":null}},"139":{"start":{"line":240,"column":12},"end":{"line":240,"column":null}},"140":{"start":{"line":244,"column":8},"end":{"line":247,"column":null}},"141":{"start":{"line":245,"column":12},"end":{"line":245,"column":null}},"142":{"start":{"line":246,"column":12},"end":{"line":246,"column":null}},"143":{"start":{"line":250,"column":33},"end":{"line":255,"column":null}},"144":{"start":{"line":256,"column":8},"end":{"line":259,"column":null}},"145":{"start":{"line":258,"column":13},"end":{"line":258,"column":null}},"146":{"start":{"line":261,"column":23},"end":{"line":261,"column":null}},"147":{"start":{"line":262,"column":25},"end":{"line":262,"column":null}},"148":{"start":{"line":265,"column":24},"end":{"line":268,"column":null}},"149":{"start":{"line":266,"column":12},"end":{"line":266,"column":null}},"150":{"start":{"line":267,"column":12},"end":{"line":267,"column":null}},"151":{"start":{"line":270,"column":8},"end":{"line":309,"column":null}},"152":{"start":{"line":271,"column":12},"end":{"line":271,"column":null}},"153":{"start":{"line":272,"column":12},"end":{"line":308,"column":null}},"154":{"start":{"line":273,"column":22},"end":{"line":273,"column":null}},"155":{"start":{"line":276,"column":16},"end":{"line":279,"column":null}},"156":{"start":{"line":277,"column":20},"end":{"line":277,"column":null}},"157":{"start":{"line":278,"column":20},"end":{"line":278,"column":null}},"158":{"start":{"line":281,"column":46},"end":{"line":281,"column":null}},"159":{"start":{"line":283,"column":16},"end":{"line":292,"column":null}},"160":{"start":{"line":284,"column":20},"end":{"line":284,"column":null}},"161":{"start":{"line":285,"column":16},"end":{"line":292,"column":null}},"162":{"start":{"line":286,"column":20},"end":{"line":286,"column":null}},"163":{"start":{"line":287,"column":16},"end":{"line":292,"column":null}},"164":{"start":{"line":288,"column":20},"end":{"line":288,"column":null}},"165":{"start":{"line":290,"column":20},"end":{"line":290,"column":null}},"166":{"start":{"line":291,"column":20},"end":{"line":291,"column":null}},"167":{"start":{"line":295,"column":16},"end":{"line":298,"column":null}},"168":{"start":{"line":296,"column":20},"end":{"line":296,"column":null}},"169":{"start":{"line":297,"column":20},"end":{"line":297,"column":null}},"170":{"start":{"line":300,"column":16},"end":{"line":303,"column":null}},"171":{"start":{"line":301,"column":20},"end":{"line":301,"column":null}},"172":{"start":{"line":302,"column":20},"end":{"line":302,"column":null}},"173":{"start":{"line":305,"column":16},"end":{"line":305,"column":null}},"174":{"start":{"line":307,"column":16},"end":{"line":307,"column":null}},"175":{"start":{"line":311,"column":8},"end":{"line":314,"column":null}},"176":{"start":{"line":312,"column":12},"end":{"line":312,"column":null}},"177":{"start":{"line":313,"column":12},"end":{"line":313,"column":null}},"178":{"start":{"line":316,"column":8},"end":{"line":316,"column":null}}},"fnMap":{"0":{"name":"(anonymous_0)","decl":{"start":{"line":10,"column":23},"end":{"line":10,"column":24}},"loc":{"start":{"line":10,"column":45},"end":{"line":15,"column":null}},"line":10},"1":{"name":"(anonymous_1)","decl":{"start":{"line":17,"column":18},"end":{"line":17,"column":19}},"loc":{"start":{"line":17,"column":52},"end":{"line":175,"column":null}},"line":17},"2":{"name":"(anonymous_2)","decl":{"start":{"line":33,"column":20},"end":{"line":33,"column":21}},"loc":{"start":{"line":33,"column":68},"end":{"line":174,"column":5}},"line":33},"3":{"name":"(anonymous_3)","decl":{"start":{"line":42,"column":42},"end":{"line":42,"column":47}},"loc":{"start":{"line":42,"column":47},"end":{"line":42,"column":133}},"line":42},"4":{"name":"(anonymous_4)","decl":{"start":{"line":71,"column":35},"end":{"line":71,"column":36}},"loc":{"start":{"line":71,"column":53},"end":{"line":71,"column":76}},"line":71},"5":{"name":"(anonymous_5)","decl":{"start":{"line":80,"column":54},"end":{"line":80,"column":55}},"loc":{"start":{"line":80,"column":72},"end":{"line":80,"column":107}},"line":80},"6":{"name":"(anonymous_6)","decl":{"start":{"line":96,"column":57},"end":{"line":96,"column":58}},"loc":{"start":{"line":96,"column":69},"end":{"line":98,"column":17}},"line":96},"7":{"name":"(anonymous_7)","decl":{"start":{"line":101,"column":55},"end":{"line":101,"column":56}},"loc":{"start":{"line":101,"column":67},"end":{"line":103,"column":17}},"line":101},"8":{"name":"(anonymous_8)","decl":{"start":{"line":115,"column":54},"end":{"line":115,"column":55}},"loc":{"start":{"line":115,"column":66},"end":{"line":121,"column":29}},"line":115},"9":{"name":"(anonymous_9)","decl":{"start":{"line":117,"column":58},"end":{"line":117,"column":59}},"loc":{"start":{"line":117,"column":70},"end":{"line":119,"column":33}},"line":117},"10":{"name":"(anonymous_10)","decl":{"start":{"line":121,"column":38},"end":{"line":121,"column":39}},"loc":{"start":{"line":121,"column":50},"end":{"line":121,"column":75}},"line":121},"11":{"name":"(anonymous_11)","decl":{"start":{"line":133,"column":51},"end":{"line":133,"column":52}},"loc":{"start":{"line":133,"column":63},"end":{"line":137,"column":17}},"line":133},"12":{"name":"(anonymous_12)","decl":{"start":{"line":154,"column":46},"end":{"line":154,"column":51}},"loc":{"start":{"line":154,"column":51},"end":{"line":154,"column":72}},"line":154},"13":{"name":"(anonymous_13)","decl":{"start":{"line":161,"column":46},"end":{"line":161,"column":47}},"loc":{"start":{"line":161,"column":58},"end":{"line":165,"column":17}},"line":161},"14":{"name":"(anonymous_14)","decl":{"start":{"line":174,"column":14},"end":{"line":174,"column":15}},"loc":{"start":{"line":174,"column":43},"end":{"line":174,"column":56}},"line":174},"15":{"name":"(anonymous_15)","decl":{"start":{"line":177,"column":17},"end":{"line":177,"column":18}},"loc":{"start":{"line":177,"column":51},"end":{"line":202,"column":null}},"line":177},"16":{"name":"(anonymous_16)","decl":{"start":{"line":187,"column":43},"end":{"line":187,"column":48}},"loc":{"start":{"line":187,"column":48},"end":{"line":187,"column":72}},"line":187},"17":{"name":"(anonymous_17)","decl":{"start":{"line":191,"column":47},"end":{"line":191,"column":52}},"loc":{"start":{"line":191,"column":52},"end":{"line":191,"column":76}},"line":191},"18":{"name":"(anonymous_18)","decl":{"start":{"line":194,"column":23},"end":{"line":194,"column":24}},"loc":{"start":{"line":194,"column":40},"end":{"line":196,"column":9}},"line":194},"19":{"name":"(anonymous_19)","decl":{"start":{"line":204,"column":22},"end":{"line":204,"column":23}},"loc":{"start":{"line":204,"column":56},"end":{"line":232,"column":null}},"line":204},"20":{"name":"(anonymous_20)","decl":{"start":{"line":214,"column":49},"end":{"line":214,"column":54}},"loc":{"start":{"line":214,"column":54},"end":{"line":214,"column":78}},"line":214},"21":{"name":"(anonymous_21)","decl":{"start":{"line":220,"column":50},"end":{"line":220,"column":55}},"loc":{"start":{"line":220,"column":55},"end":{"line":220,"column":79}},"line":220},"22":{"name":"(anonymous_22)","decl":{"start":{"line":224,"column":23},"end":{"line":224,"column":24}},"loc":{"start":{"line":224,"column":40},"end":{"line":226,"column":9}},"line":224},"23":{"name":"(anonymous_23)","decl":{"start":{"line":234,"column":25},"end":{"line":234,"column":26}},"loc":{"start":{"line":234,"column":93},"end":{"line":318,"column":null}},"line":234},"24":{"name":"(anonymous_24)","decl":{"start":{"line":235,"column":23},"end":{"line":235,"column":24}},"loc":{"start":{"line":235,"column":44},"end":{"line":317,"column":5}},"line":235},"25":{"name":"(anonymous_25)","decl":{"start":{"line":265,"column":35},"end":{"line":265,"column":41}},"loc":{"start":{"line":265,"column":41},"end":{"line":268,"column":11}},"line":265},"26":{"name":"(anonymous_26)","decl":{"start":{"line":270,"column":24},"end":{"line":270,"column":25}},"loc":{"start":{"line":270,"column":35},"end":{"line":309,"column":null}},"line":270},"27":{"name":"(anonymous_27)","decl":{"start":{"line":311,"column":25},"end":{"line":311,"column":31}},"loc":{"start":{"line":311,"column":31},"end":{"line":314,"column":null}},"line":311}},"branchMap":{"0":{"loc":{"start":{"line":11,"column":4},"end":{"line":11,"column":null}},"type":"if","locations":[{"start":{"line":11,"column":4},"end":{"line":11,"column":null}},{"start":{},"end":{}}],"line":11},"1":{"loc":{"start":{"line":25,"column":4},"end":{"line":27,"column":null}},"type":"if","locations":[{"start":{"line":25,"column":4},"end":{"line":27,"column":null}},{"start":{},"end":{}}],"line":25},"2":{"loc":{"start":{"line":29,"column":4},"end":{"line":31,"column":null}},"type":"if","locations":[{"start":{"line":29,"column":4},"end":{"line":31,"column":null}},{"start":{},"end":{}}],"line":29},"3":{"loc":{"start":{"line":34,"column":8},"end":{"line":37,"column":null}},"type":"if","locations":[{"start":{"line":34,"column":8},"end":{"line":37,"column":null}},{"start":{},"end":{}}],"line":34},"4":{"loc":{"start":{"line":34,"column":12},"end":{"line":34,"column":55}},"type":"binary-expr","locations":[{"start":{"line":34,"column":12},"end":{"line":34,"column":40}},{"start":{"line":34,"column":40},"end":{"line":34,"column":55}}],"line":34},"5":{"loc":{"start":{"line":42,"column":8},"end":{"line":45,"column":null}},"type":"if","locations":[{"start":{"line":42,"column":8},"end":{"line":45,"column":null}},{"start":{},"end":{}}],"line":42},"6":{"loc":{"start":{"line":42,"column":12},"end":{"line":42,"column":136}},"type":"binary-expr","locations":[{"start":{"line":42,"column":12},"end":{"line":42,"column":31}},{"start":{"line":42,"column":31},"end":{"line":42,"column":136}}],"line":42},"7":{"loc":{"start":{"line":42,"column":47},"end":{"line":42,"column":133}},"type":"binary-expr","locations":[{"start":{"line":42,"column":47},"end":{"line":42,"column":78}},{"start":{"line":42,"column":78},"end":{"line":42,"column":133}}],"line":42},"8":{"loc":{"start":{"line":48,"column":21},"end":{"line":48,"column":null}},"type":"cond-expr","locations":[{"start":{"line":48,"column":53},"end":{"line":48,"column":86}},{"start":{"line":48,"column":86},"end":{"line":48,"column":null}}],"line":48},"9":{"loc":{"start":{"line":51,"column":8},"end":{"line":63,"column":null}},"type":"if","locations":[{"start":{"line":51,"column":8},"end":{"line":63,"column":null}},{"start":{},"end":{}}],"line":51},"10":{"loc":{"start":{"line":51,"column":12},"end":{"line":51,"column":73}},"type":"binary-expr","locations":[{"start":{"line":51,"column":12},"end":{"line":51,"column":44}},{"start":{"line":51,"column":44},"end":{"line":51,"column":73}}],"line":51},"11":{"loc":{"start":{"line":52,"column":12},"end":{"line":61,"column":null}},"type":"if","locations":[{"start":{"line":52,"column":12},"end":{"line":61,"column":null}},{"start":{},"end":{}}],"line":52},"12":{"loc":{"start":{"line":52,"column":16},"end":{"line":52,"column":81}},"type":"binary-expr","locations":[{"start":{"line":52,"column":16},"end":{"line":52,"column":50}},{"start":{"line":52,"column":50},"end":{"line":52,"column":81}}],"line":52},"13":{"loc":{"start":{"line":66,"column":8},"end":{"line":85,"column":null}},"type":"if","locations":[{"start":{"line":66,"column":8},"end":{"line":85,"column":null}},{"start":{},"end":{}}],"line":66},"14":{"loc":{"start":{"line":67,"column":12},"end":{"line":83,"column":null}},"type":"if","locations":[{"start":{"line":67,"column":12},"end":{"line":83,"column":null}},{"start":{},"end":{}}],"line":67},"15":{"loc":{"start":{"line":68,"column":16},"end":{"line":71,"column":null}},"type":"binary-expr","locations":[{"start":{"line":68,"column":16},"end":{"line":68,"column":null}},{"start":{"line":69,"column":16},"end":{"line":69,"column":null}},{"start":{"line":70,"column":16},"end":{"line":70,"column":null}},{"start":{"line":71,"column":16},"end":{"line":71,"column":null}}],"line":68},"16":{"loc":{"start":{"line":88,"column":8},"end":{"line":127,"column":null}},"type":"if","locations":[{"start":{"line":88,"column":8},"end":{"line":127,"column":null}},{"start":{},"end":{}}],"line":88},"17":{"loc":{"start":{"line":90,"column":12},"end":{"line":125,"column":null}},"type":"if","locations":[{"start":{"line":90,"column":12},"end":{"line":125,"column":null}},{"start":{},"end":{}}],"line":90},"18":{"loc":{"start":{"line":91,"column":16},"end":{"line":93,"column":null}},"type":"binary-expr","locations":[{"start":{"line":91,"column":16},"end":{"line":91,"column":null}},{"start":{"line":92,"column":16},"end":{"line":92,"column":56}},{"start":{"line":92,"column":56},"end":{"line":92,"column":null}},{"start":{"line":93,"column":16},"end":{"line":93,"column":54}},{"start":{"line":93,"column":54},"end":{"line":93,"column":null}}],"line":91},"19":{"loc":{"start":{"line":106,"column":16},"end":{"line":106,"column":null}},"type":"if","locations":[{"start":{"line":106,"column":16},"end":{"line":106,"column":null}},{"start":{},"end":{}}],"line":106},"20":{"loc":{"start":{"line":106,"column":20},"end":{"line":106,"column":110}},"type":"binary-expr","locations":[{"start":{"line":106,"column":20},"end":{"line":106,"column":67}},{"start":{"line":106,"column":67},"end":{"line":106,"column":110}}],"line":106},"21":{"loc":{"start":{"line":114,"column":37},"end":{"line":122,"column":null}},"type":"cond-expr","locations":[{"start":{"line":115,"column":30},"end":{"line":121,"column":null}},{"start":{"line":122,"column":30},"end":{"line":122,"column":null}}],"line":114},"22":{"loc":{"start":{"line":130,"column":8},"end":{"line":144,"column":null}},"type":"if","locations":[{"start":{"line":130,"column":8},"end":{"line":144,"column":null}},{"start":{},"end":{}}],"line":130},"23":{"loc":{"start":{"line":131,"column":12},"end":{"line":142,"column":null}},"type":"if","locations":[{"start":{"line":131,"column":12},"end":{"line":142,"column":null}},{"start":{},"end":{}}],"line":131},"24":{"loc":{"start":{"line":131,"column":16},"end":{"line":131,"column":85}},"type":"binary-expr","locations":[{"start":{"line":131,"column":16},"end":{"line":131,"column":30}},{"start":{"line":131,"column":30},"end":{"line
[...]
rt":{"line":121,"column":51},"end":{"line":121,"column":71}},"line":121}},"branchMap":{"0":{"loc":{"start":{"line":41,"column":22},"end":{"line":41,"column":null}},"type":"cond-expr","locations":[{"start":{"line":41,"column":39},"end":{"line":41,"column":47}},{"start":{"line":41,"column":47},"end":{"line":41,"column":null}}],"line":41},"1":{"loc":{"start":{"line":58,"column":17},"end":{"line":58,"column":null}},"type":"cond-expr","locations":[{"start":{"line":58,"column":49},"end":{"line":58,"column":74}},{"start":{"line":58,"column":74},"end":{"line":58,"column":null}}],"line":58},"2":{"loc":{"start":{"line":61,"column":26},"end":{"line":61,"column":null}},"type":"cond-expr","locations":[{"start":{"line":61,"column":58},"end":{"line":61,"column":92}},{"start":{"line":61,"column":92},"end":{"line":61,"column":null}}],"line":61},"3":{"loc":{"start":{"line":65,"column":25},"end":{"line":70,"column":null}},"type":"binary-expr","locations":[{"start":{"line":65,"column":25},"end":{"line":65,"column":43}},{"start":{"line":65,"column":43},"end":{"line":70,"column":null}}],"line":65},"4":{"loc":{"start":{"line":79,"column":8},"end":{"line":79,"column":null}},"type":"if","locations":[{"start":{"line":79,"column":8},"end":{"line":79,"column":null}},{"start":{},"end":{}}],"line":79},"5":{"loc":{"start":{"line":102,"column":34},"end":{"line":102,"column":61}},"type":"binary-expr","locations":[{"start":{"line":102,"column":34},"end":{"line":102,"column":56}},{"start":{"line":102,"column":56},"end":{"line":102,"column":61}}],"line":102},"6":{"loc":{"start":{"line":109,"column":40},"end":{"line":109,"column":81}},"type":"binary-expr","locations":[{"start":{"line":109,"column":40},"end":{"line":109,"column":75}},{"start":{"line":109,"column":75},"end":{"line":109,"column":81}}],"line":109}},"s":{"0":1,"1":18,"2":18,"3":18,"4":1,"5":1,"6":0,"7":0,"8":0,"9":0,"10":71,"11":71,"12":0,"13":0,"14":18,"15":18,"16":71,"17":71,"18":0,"19":71,"20":71,"21":71,"22":71,"23":71,"24":71,"25":8,"26":71,"27":2,"28":2,"29":6,"30":1,"31":1,"32":1,"33":1,"34":1,"35":1,"36":50},"f":{"0":18,"1":1,"2":0,"3":0,"4":0,"5":0,"6":71,"7":71,"8":0,"9":0,"10":18,"11":71,"12":71,"13":8,"14":2,"15":6,"16":1,"17":1,"18":1,"19":50},"b":{"0":[1,17],"1":[71,0],"2":[0,0],"3":[18,18],"4":[0,71],"5":[8,2],"6":[6,2]},"meta":{"lastBranch":7,"lastFunction":20,"lastStatement":37,"seen":{"s:39:29:43:Infinity":0,"f:39:29:39:30":0,"s:40:56:40:Infinity":1,"s:41:22:41:Infinity":2,"b:41:39:41:47:41:47:41:Infinity":0,"s:42:4:42:Infinity":3,"s:45:13:124:Infinity":4,"f:45:60:45:61":1,"s:45:75:124:2":5,"f:53:18:53:19":2,"s:53:29:53:Infinity":6,"f:54:19:54:20":3,"s:54:31:54:Infinity":7,"f:55:19:55:20":4,"s:55:31:55:Infinity":8,"f:56:23:56:24":5,"s:56:34:56:Infinity":9,"f:57:16:57:17":6,"s:57:29:59:Infinity":10,"f:57:33:57:34":7,"s:57:45:59:6":11,"b:58:49:58:74:58:74:58:Infinity":1,"f:60:25:60:26":8,"s:60:38:62:Infinity":12,"f:60:42:60:43":9,"s:60:54:62:6":13,"b:61:58:61:92:61:92:61:Infinity":2,"f:64:15:64:16":10,"s:65:25:70:Infinity":14,"b:65:25:65:43:65:43:70:Infinity":3,"s:71:8:74:Infinity":15,"f:77:13:77:14":11,"s:78:22:78:Infinity":16,"b:79:8:79:Infinity:undefined:undefined:undefined:undefined":4,"s:79:8:79:Infinity":17,"s:79:31:79:Infinity":18,"s:81:43:89:Infinity":19,"s:91:8:94:Infinity":20,"s:97:8:97:Infinity":21,"f:97:25:97:33":12,"s:97:33:97:65":22,"s:100:26:100:Infinity":23,"s:101:8:103:Infinity":24,"f:101:25:101:33":13,"s:102:12:102:Infinity":25,"b:102:34:102:56:102:56:102:61":5,"s:104:8:104:Infinity":26,"f:107:29:107:30":14,"s:108:22:108:Infinity":27,"s:109:8:109:Infinity":28,"f:109:31:109:40":15,"s:109:31:109:82":29,"b:109:40:109:75:109:75:109:81":6,"f:112:26:112:27":16,"s:113:22:113:Infinity":30,"s:114:26:114:Infinity":31,"s:115:8:115:Infinity":32,"s:116:8:116:Infinity":33,"f:119:24:119:25":17,"s:120:8:122:Infinity":34,"f:120:12:120:13":18,"s:120:24:122:10":35,"f:121:42:121:51":19,"s:121:51:121:71":36}}}
,"/Users/daniel/Desktop/Projet Studeo /utils/achievements.ts": {"path":"/Users/daniel/Desktop/Projet Studeo /utils/achievements.ts","statementMap":{"0":{"start":{"line":3,"column":48},"end":{"line":102,"column":null}},"1":{"start":{"line":104,"column":59},"end":{"line":115,"column":null}},"2":{"start":{"line":120,"column":33},"end":{"line":180,"column":null}},"3":{"start":{"line":121,"column":34},"end":{"line":121,"column":null}},"4":{"start":{"line":122,"column":14},"end":{"line":122,"column":null}},"5":{"start":{"line":123,"column":15},"end":{"line":123,"column":null}},"6":{"start":{"line":126,"column":2},"end":{"line":177,"column":null}},"7":{"start":{"line":127,"column":4},"end":{"line":127,"column":null}},"8":{"start":{"line":127,"column":32},"end":{"line":127,"column":null}},"9":{"start":{"line":129,"column":21},"end":{"line":129,"column":null}},"10":{"start":{"line":131,"column":4},"end":{"line":171,"column":null}},"11":{"start":{"line":133,"column":8},"end":{"line":133,"column":null}},"12":{"start":{"line":134,"column":8},"end":{"line":134,"column":null}},"13":{"start":{"line":136,"column":8},"end":{"line":136,"column":null}},"14":{"start":{"line":137,"column":8},"end":{"line":137,"column":null}},"15":{"start":{"line":139,"column":8},"end":{"line":139,"column":null}},"16":{"start":{"line":140,"column":8},"end":{"line":140,"column":null}},"17":{"start":{"line":145,"column":30},"end":{"line":145,"column":null}},"18":{"start":{"line":145,"column":89},"end":{"line":145,"column":115}},"19":{"start":{"line":146,"column":8},"end":{"line":146,"column":null}},"20":{"start":{"line":147,"column":8},"end":{"line":147,"column":null}},"21":{"start":{"line":152,"column":8},"end":{"line":152,"column":null}},"22":{"start":{"line":153,"column":8},"end":{"line":153,"column":null}},"23":{"start":{"line":156,"column":8},"end":{"line":156,"column":null}},"24":{"start":{"line":157,"column":8},"end":{"line":157,"column":null}},"25":{"start":{"line":160,"column":8},"end":{"line":160,"column":null}},"26":{"start":{"line":161,"column":8},"end":{"line":161,"column":null}},"27":{"start":{"line":164,"column":8},"end":{"line":164,"column":null}},"28":{"start":{"line":165,"column":8},"end":{"line":165,"column":null}},"29":{"start":{"line":170,"column":8},"end":{"line":170,"column":null}},"30":{"start":{"line":173,"column":4},"end":{"line":176,"column":null}},"31":{"start":{"line":174,"column":34},"end":{"line":174,"column":null}},"32":{"start":{"line":175,"column":6},"end":{"line":175,"column":null}},"33":{"start":{"line":179,"column":2},"end":{"line":179,"column":null}}},"fnMap":{"0":{"name":"(anonymous_0)","decl":{"start":{"line":120,"column":33},"end":{"line":120,"column":34}},"loc":{"start":{"line":120,"column":76},"end":{"line":180,"column":null}},"line":120},"1":{"name":"(anonymous_1)","decl":{"start":{"line":126,"column":28},"end":{"line":126,"column":43}},"loc":{"start":{"line":126,"column":43},"end":{"line":177,"column":3}},"line":126},"2":{"name":"(anonymous_2)","decl":{"start":{"line":145,"column":74},"end":{"line":145,"column":75}},"loc":{"start":{"line":145,"column":89},"end":{"line":145,"column":115}},"line":145}},"branchMap":{"0":{"loc":{"start":{"line":127,"column":4},"end":{"line":127,"column":null}},"type":"if","locations":[{"start":{"line":127,"column":4},"end":{"line":127,"column":null}},{"start":{},"end":{}}],"line":127},"1":{"loc":{"start":{"line":131,"column":4},"end":{"line":171,"column":null}},"type":"switch","locations":[{"start":{"line":132,"column":6},"end":{"line":134,"column":null}},{"start":{"line":135,"column":6},"end":{"line":137,"column":null}},{"start":{"line":138,"column":6},"end":{"line":140,"column":null}},{"start":{"line":142,"column":6},"end":{"line":142,"column":null}},{"start":{"line":143,"column":6},"end":{"line":143,"column":null}},{"start":{"line":144,"column":6},"end":{"line":147,"column":null}},{"start":{"line":149,"column":6},"end":{"line":149,"column":null}},{"start":{"line":150,"column":6},"end":{"line":150,"column":null}},{"start":{"line":151,"column":6},"end":{"line":153,"column":null}},{"start":{"line":155,"column":6},"end":{"line":157,"column":null}},{"start":{"line":159,"column":6},"end":{"line":161,"column":null}},{"start":{"line":163,"column":6},"end":{"line":165,"column":null}},{"start":{"line":167,"column":6},"end":{"line":170,"column":null}}],"line":131},"2":{"loc":{"start":{"line":146,"column":39},"end":{"line":146,"column":null}},"type":"binary-expr","locations":[{"start":{"line":146,"column":39},"end":{"line":146,"column":61}},{"start":{"line":146,"column":61},"end":{"line":146,"column":null}}],"line":146},"3":{"loc":{"start":{"line":152,"column":45},"end":{"line":152,"column":null}},"type":"binary-expr","locations":[{"start":{"line":152,"column":45},"end":{"line":152,"column":67}},{"start":{"line":152,"column":67},"end":{"line":152,"column":null}}],"line":152},"4":{"loc":{"start":{"line":160,"column":21},"end":{"line":160,"column":null}},"type":"binary-expr","locations":[{"start":{"line":160,"column":21},"end":{"line":160,"column":35}},{"start":{"line":160,"column":35},"end":{"line":160,"column":null}}],"line":160},"5":{"loc":{"start":{"line":164,"column":21},"end":{"line":164,"column":null}},"type":"binary-expr","locations":[{"start":{"line":164,"column":21},"end":{"line":164,"column":34}},{"start":{"line":164,"column":34},"end":{"line":164,"column":null}}],"line":164},"6":{"loc":{"start":{"line":173,"column":4},"end":{"line":176,"column":null}},"type":"if","locations":[{"start":{"line":173,"column":4},"end":{"line":176,"column":null}},{"start":{},"end":{}}],"line":173}},"s":{"0":1,"1":1,"2":1,"3":52,"4":52,"5":52,"6":52,"7":676,"8":90,"9":586,"10":586,"11":46,"12":46,"13":52,"14":52,"15":52,"16":52,"17":156,"18":54,"19":156,"20":156,"21":121,"22":121,"23":3,"24":3,"25":52,"26":52,"27":52,"28":52,"29":52,"30":586,"31":3,"32":3,"33":52},"f":{"0":52,"1":676,"2":54},"b":{"0":[90,586],"1":[586,52,52,52,104,156,17,69,121,3,52,52,52],"2":[156,0],"3":[121,0],"4":[52,52],"5":[52,52],"6":[3,583]},"meta":{"lastBranch":7,"lastFunction":3,"lastStatement":34,"seen":{"s:3:48:102:Infinity":0,"s:104:59:115:Infinity":1,"s:120:33:180:Infinity":2,"f:120:33:120:34":0,"s:121:34:121:Infinity":3,"s:122:14:122:Infinity":4,"s:123:15:123:Infinity":5,"s:126:2:177:Infinity":6,"f:126:28:126:43":1,"b:127:4:127:Infinity:undefined:undefined:undefined:undefined":0,"s:127:4:127:Infinity":7,"s:127:32:127:Infinity":8,"s:129:21:129:Infinity":9,"b:132:6:134:Infinity:135:6:137:Infinity:138:6:140:Infinity:142:6:142:Infinity:143:6:143:Infinity:144:6:147:Infinity:149:6:149:Infinity:150:6:150:Infinity:151:6:153:Infinity:155:6:157:Infinity:159:6:161:Infinity:163:6:165:Infinity:167:6:170:Infinity":1,"s:131:4:171:Infinity":10,"s:133:8:133:Infinity":11,"s:134:8:134:Infinity":12,"s:136:8:136:Infinity":13,"s:137:8:137:Infinity":14,"s:139:8:139:Infinity":15,"s:140:8:140:Infinity":16,"s:145:30:145:Infinity":17,"f:145:74:145:75":2,"s:145:89:145:115":18,"s:146:8:146:Infinity":19,"b:146:39:146:61:146:61:146:Infinity":2,"s:147:8:147:Infinity":20,"s:152:8:152:Infinity":21,"b:152:45:152:67:152:67:152:Infinity":3,"s:153:8:153:Infinity":22,"s:156:8:156:Infinity":23,"s:157:8:157:Infinity":24,"s:160:8:160:Infinity":25,"b:160:21:160:35:160:35:160:Infinity":4,"s:161:8:161:Infinity":26,"s:164:8:164:Infinity":27,"b:164:21:164:34:164:34:164:Infinity":5,"s:165:8:165:Infinity":28,"s:170:8:170:Infinity":29,"b:173:4:176:Infinity:undefined:undefined:undefined:undefined":6,"s:173:4:176:Infinity":30,"s:174:34:174:Infinity":31,"s:175:6:175:Infinity":32,"s:179:2:179:Infinity":33}}}
,"/Users/daniel/Desktop/Projet Studeo /utils/security.ts": {"path":"/Users/daniel/Desktop/Projet Studeo /utils/security.ts","statementMap":{"0":{"start":{"line":1,"column":28},"end":{"line":11,"column":null}},"1":{"start":{"line":3,"column":18},"end":{"line":3,"column":null}},"2":{"start":{"line":4,"column":2},"end":{"line":4,"column":null}},"3":{"start":{"line":5,"column":2},"end":{"line":5,"column":null}},"4":{"start":{"line":8,"column":14},"end":{"line":8,"column":null}},"5":{"start":{"line":9,"column":2},"end":{"line":9,"column":null}},"6":{"start":{"line":10,"column":2},"end":{"line":10,"column":null}},"7":{"start":{"line":13,"column":32},"end":{"line":18,"column":null}},"8":{"start":{"line":15,"column":18},"end":{"line":15,"column":null}},"9":{"start":{"line":16,"column":2},"end":{"line":16,"column":null}},"10":{"start":{"line":17,"column":2},"end":{"line":17,"column":null}}},"fnMap":{"0":{"name":"(anonymous_0)","decl":{"start":{"line":1,"column":28},"end":{"line":1,"column":29}},"loc":{"start":{"line":1,"column":53},"end":{"line":11,"column":null}},"line":1},"1":{"name":"(anonymous_1)","decl":{"start":{"line":13,"column":32},"end":{"line":13,"column":33}},"loc":{"start":{"line":13,"column":62},"end":{"line":18,"column":null}},"line":13}},"branchMap":{},"s":{"0":2,"1":44,"2":44,"3":44,"4":44,"5":44,"6":44,"7":2,"8":5,"9":5,"10":5},"f":{"0":44,"1":5},"b":{},"meta":{"lastBranch":0,"lastFunction":2,"lastStatement":11,"seen":{"s:1:28:11:Infinity":0,"f:1:28:1:29":0,"s:3:18:3:Infinity":1,"s:4:2:4:Infinity":2,"s:5:2:5:Infinity":3,"s:8:14:8:Infinity":4,"s:9:2:9:Infinity":5,"s:10:2:10:Infinity":6,"s:13:32:18:Infinity":7,"f:13:32:13:33":1,"s:15:18:15:Infinity":8,"s:16:2:16:Infinity":9,"s:17:2:17:Infinity":10}}}
,"/Users/daniel/Desktop/Projet Studeo /utils/srsAlgorithm.ts": {"path":"/Users/daniel/Desktop/Projet Studeo /utils/srsAlgorithm.ts","statementMap":{"0":{"start":{"line":16,"column":41},"end":{"line":22,"column":null}},"1":{"start":{"line":29,"column":28},"end":{"line":90,"column":null}},"2":{"start":{"line":36,"column":2},"end":{"line":40,"column":null}},"3":{"start":{"line":37,"column":4},"end":{"line":37,"column":null}},"4":{"start":{"line":39,"column":4},"end":{"line":39,"column":null}},"5":{"start":{"line":43,"column":2},"end":{"line":43,"column":null}},"6":{"start":{"line":45,"column":46},"end":{"line":45,"column":null}},"7":{"start":{"line":47,"column":2},"end":{"line":68,"column":null}},"8":{"start":{"line":49,"column":4},"end":{"line":62,"column":null}},"9":{"start":{"line":51,"column":6},"end":{"line":57,"column":null}},"10":{"start":{"line":52,"column":8},"end":{"line":52,"column":null}},"11":{"start":{"line":53,"column":6},"end":{"line":57,"column":null}},"12":{"start":{"line":54,"column":8},"end":{"line":54,"column":null}},"13":{"start":{"line":56,"column":8},"end":{"line":56,"column":null}},"14":{"start":{"line":58,"column":4},"end":{"line":62,"column":null}},"15":{"start":{"line":59,"column":6},"end":{"line":59,"column":null}},"16":{"start":{"line":61,"column":6},"end":{"line":61,"column":null}},"17":{"start":{"line":63,"column":4},"end":{"line":63,"column":null}},"18":{"start":{"line":66,"column":4},"end":{"line":66,"column":null}},"19":{"start":{"line":67,"column":4},"end":{"line":67,"column":null}},"20":{"start":{"line":72,"column":2},"end":{"line":72,"column":null}},"21":{"start":{"line":75,"column":2},"end":{"line":77,"column":null}},"22":{"start":{"line":76,"column":4},"end":{"line":76,"column":null}},"23":{"start":{"line":80,"column":25},"end":{"line":80,"column":null}},"24":{"start":{"line":81,"column":2},"end":{"line":81,"column":null}},"25":{"start":{"line":83,"column":2},"end":{"line":89,"column":null}},"26":{"start":{"line":95,"column":30},"end":{"line":100,"column":null}},"27":{"start":{"line":96,"column":2},"end":{"line":96,"column":null}},"28":{"start":{"line":96,"column":16},"end":{"line":96,"column":null}},"29":{"start":{"line":97,"column":14},"end":{"line":97,"column":null}},"30":{"start":{"line":98,"column":21},"end":{"line":98,"column":null}},"31":{"start":{"line":99,"column":2},"end":{"line":99,"column":null}}},"fnMap":{"0":{"name":"(anonymous_0)","decl":{"start":{"line":29,"column":28},"end":{"line":29,"column":null}},"loc":{"start":{"line":32,"column":14},"end":{"line":90,"column":null}},"line":32},"1":{"name":"(anonymous_1)","decl":{"start":{"line":95,"column":30},"end":{"line":95,"column":31}},"loc":{"start":{"line":95,"column":62},"end":{"line":100,"column":null}},"line":95}},"branchMap":{"0":{"loc":{"start":{"line":30,"column":2},"end":{"line":30,"column":null}},"type":"default-arg","locations":[{"start":{"line":30,"column":25},"end":{"line":30,"column":null}}],"line":30},"1":{"loc":{"start":{"line":36,"column":2},"end":{"line":40,"column":null}},"type":"if","locations":[{"start":{"line":36,"column":2},"end":{"line":40,"column":null}},{"start":{"line":38,"column":9},"end":{"line":40,"column":null}}],"line":36},"2":{"loc":{"start":{"line":37,"column":19},"end":{"line":37,"column":null}},"type":"cond-expr","locations":[{"start":{"line":37,"column":27},"end":{"line":37,"column":31}},{"start":{"line":37,"column":31},"end":{"line":37,"column":null}}],"line":37},"3":{"loc":{"start":{"line":47,"column":2},"end":{"line":68,"column":null}},"type":"if","locations":[{"start":{"line":47,"column":2},"end":{"line":68,"column":null}},{"start":{"line":64,"column":9},"end":{"line":68,"column":null}}],"line":47},"4":{"loc":{"start":{"line":49,"column":4},"end":{"line":62,"column":null}},"type":"if","locations":[{"start":{"line":49,"column":4},"end":{"line":62,"column":null}},{"start":{"line":58,"column":4},"end":{"line":62,"column":null}}],"line":49},"5":{"loc":{"start":{"line":51,"column":6},"end":{"line":57,"column":null}},"type":"if","locations":[{"start":{"line":51,"column":6},"end":{"line":57,"column":null}},{"start":{"line":53,"column":6},"end":{"line":57,"column":null}}],"line":51},"6":{"loc":{"start":{"line":53,"column":6},"end":{"line":57,"column":null}},"type":"if","locations":[{"start":{"line":53,"column":6},"end":{"line":57,"column":null}},{"start":{"line":55,"column":13},"end":{"line":57,"column":null}}],"line":53},"7":{"loc":{"start":{"line":58,"column":4},"end":{"line":62,"column":null}},"type":"if","locations":[{"start":{"line":58,"column":4},"end":{"line":62,"column":null}},{"start":{"line":60,"column":11},"end":{"line":62,"column":null}}],"line":58},"8":{"loc":{"start":{"line":75,"column":2},"end":{"line":77,"column":null}},"type":"if","locations":[{"start":{"line":75,"column":2},"end":{"line":77,"column":null}},{"start":{},"end":{}}],"line":75},"9":{"loc":{"start":{"line":96,"column":2},"end":{"line":96,"column":null}},"type":"if","locations":[{"start":{"line":96,"column":2},"end":{"line":96,"column":null}},{"start":{},"end":{}}],"line":96}},"s":{"0":1,"1":1,"2":13,"3":13,"4":0,"5":13,"6":13,"7":13,"8":7,"9":5,"10":0,"11":5,"12":5,"13":0,"14":2,"15":1,"16":1,"17":7,"18":6,"19":6,"20":13,"21":13,"22":5,"23":13,"24":13,"25":13,"26":1,"27":18,"28":5,"29":13,"30":13,"31":13},"f":{"0":13,"1":18},"b":{"0":[13],"1":[13,0],"2":[7,6],"3":[7,6],"4":[5,2],"5":[0,5],"6":[5,0],"7":[1,1],"8":[5,8],"9":[5,13]},"meta":{"lastBranch":10,"lastFunction":2,"lastStatement":32,"seen":{"s:16:41:22:Infinity":0,"s:29:28:90:Infinity":1,"f:29:28:29:Infinity":0,"b:30:25:30:Infinity":0,"b:36:2:40:Infinity:38:9:40:Infinity":1,"s:36:2:40:Infinity":2,"s:37:4:37:Infinity":3,"b:37:27:37:31:37:31:37:Infinity":2,"s:39:4:39:Infinity":4,"s:43:2:43:Infinity":5,"s:45:46:45:Infinity":6,"b:47:2:68:Infinity:64:9:68:Infinity":3,"s:47:2:68:Infinity":7,"b:49:4:62:Infinity:58:4:62:Infinity":4,"s:49:4:62:Infinity":8,"b:51:6:57:Infinity:53:6:57:Infinity":5,"s:51:6:57:Infinity":9,"s:52:8:52:Infinity":10,"b:53:6:57:Infinity:55:13:57:Infinity":6,"s:53:6:57:Infinity":11,"s:54:8:54:Infinity":12,"s:56:8:56:Infinity":13,"b:58:4:62:Infinity:60:11:62:Infinity":7,"s:58:4:62:Infinity":14,"s:59:6:59:Infinity":15,"s:61:6:61:Infinity":16,"s:63:4:63:Infinity":17,"s:66:4:66:Infinity":18,"s:67:4:67:Infinity":19,"s:72:2:72:Infinity":20,"b:75:2:77:Infinity:undefined:undefined:undefined:undefined":8,"s:75:2:77:Infinity":21,"s:76:4:76:Infinity":22,"s:80:25:80:Infinity":23,"s:81:2:81:Infinity":24,"s:83:2:89:Infinity":25,"s:95:30:100:Infinity":26,"f:95:30:95:31":1,"b:96:2:96:Infinity:undefined:undefined:undefined:undefined":9,"s:96:2:96:Infinity":27,"s:96:16:96:Infinity":28,"s:97:14:97:Infinity":29,"s:98:21:98:Infinity":30,"s:99:2:99:Infinity":31}}}
}
